gamma
   21.0781   11.9366    6.2265    4.2227
   11.9366   16.9992   10.9737    6.2265
    6.2265   10.9737   16.9992   11.9366
    4.2227    6.2265   11.9366   21.0781
Overlap
   1.0000e+00   4.8501e-01  -4.6382e-01            0            0   7.2952e-02  -9.7547e-02            0            0   7.3985e-03
   4.8501e-01   1.0000e+00            0            0            0   4.6629e-01  -4.5219e-01            0            0   7.2952e-02
  -4.6382e-01            0   1.0000e+00            0            0   4.5219e-01  -3.1207e-01            0            0   9.7547e-02
            0            0            0   1.0000e+00            0            0            0   2.9737e-01            0            0
            0            0            0            0   1.0000e+00            0            0            0   2.9737e-01            0
   7.2952e-02   4.6629e-01   4.5219e-01            0            0   1.0000e+00  -6.7317e-16            0            0   4.8501e-01
  -9.7547e-02  -4.5219e-01  -3.1207e-01            0            0  -6.7317e-16   1.0000e+00            0            0   4.6382e-01
            0            0            0   2.9737e-01            0            0            0   1.0000e+00            0            0
            0            0            0            0   2.9737e-01            0            0            0   1.0000e+00            0
   7.3985e-03   7.2952e-02   9.7547e-02            0            0   4.8501e-01   4.6382e-01            0            0   1.0000e+00
 p =  5 q =  5
H_core
  -9.4590e+01  -7.2752e+00   6.9573e+00            0            0  -1.0943e+00   1.4632e+00            0            0  -6.6587e-02
  -7.2752e+00  -1.3561e+02            0            0            0  -9.7920e+00   9.4959e+00            0            0  -1.0943e+00
   6.9573e+00            0  -1.2713e+02            0            0  -9.4959e+00   6.5535e+00            0            0  -1.4632e+00
            0            0            0  -1.2713e+02            0            0            0  -6.2448e+00            0            0
            0            0            0            0  -1.2713e+02            0            0            0  -6.2448e+00            0
  -1.0943e+00  -9.7920e+00  -9.4959e+00            0            0  -1.3561e+02   1.4137e-14            0            0  -7.2752e+00
   1.4632e+00   9.4959e+00   6.5535e+00            0            0   1.4137e-14  -1.2713e+02            0            0  -6.9573e+00
            0            0            0  -6.2448e+00            0            0            0  -1.2713e+02            0            0
            0            0            0            0  -6.2448e+00            0            0            0  -1.2713e+02            0
  -6.6587e-02  -1.0943e+00  -1.4632e+00            0            0  -7.2752e+00  -6.9573e+00            0            0  -9.4590e+01
Iteration: 0
Fa
  -9.4590e+01  -7.2752e+00   6.9573e+00            0            0  -1.0943e+00   1.4632e+00            0            0  -6.6587e-02
  -7.2752e+00  -1.3561e+02            0            0            0  -9.7920e+00   9.4959e+00            0            0  -1.0943e+00
   6.9573e+00            0  -1.2713e+02            0            0  -9.4959e+00   6.5535e+00            0            0  -1.4632e+00
            0            0            0  -1.2713e+02            0            0            0  -6.2448e+00            0            0
            0            0            0            0  -1.2713e+02            0            0            0  -6.2448e+00            0
  -1.0943e+00  -9.7920e+00  -9.4959e+00            0            0  -1.3561e+02   1.4137e-14            0            0  -7.2752e+00
   1.4632e+00   9.4959e+00   6.5535e+00            0            0   1.4137e-14  -1.2713e+02            0            0  -6.9573e+00
            0            0            0  -6.2448e+00            0            0            0  -1.2713e+02            0            0
            0            0            0            0  -6.2448e+00            0            0            0  -1.2713e+02            0
  -6.6587e-02  -1.0943e+00  -1.4632e+00            0            0  -7.2752e+00  -6.9573e+00            0            0  -9.4590e+01
Fb
  -9.4590e+01  -7.2752e+00   6.9573e+00            0            0  -1.0943e+00   1.4632e+00            0            0  -6.6587e-02
  -7.2752e+00  -1.3561e+02            0            0            0  -9.7920e+00   9.4959e+00            0            0  -1.0943e+00
   6.9573e+00            0  -1.2713e+02            0            0  -9.4959e+00   6.5535e+00            0            0  -1.4632e+00
            0            0            0  -1.2713e+02            0            0            0  -6.2448e+00            0            0
            0            0            0            0  -1.2713e+02            0            0            0  -6.2448e+00            0
  -1.0943e+00  -9.7920e+00  -9.4959e+00            0            0  -1.3561e+02   1.4137e-14            0            0  -7.2752e+00
   1.4632e+00   9.4959e+00   6.5535e+00            0            0   1.4137e-14  -1.2713e+02            0            0  -6.9573e+00
            0            0            0  -6.2448e+00            0            0            0  -1.2713e+02            0            0
            0            0            0            0  -6.2448e+00            0            0            0  -1.2713e+02            0
  -6.6587e-02  -1.0943e+00  -1.4632e+00            0            0  -7.2752e+00  -6.9573e+00            0            0  -9.4590e+01
after solving eigen equation: 0
Ca
   6.1545e-02   1.6933e-01  -4.2587e-16  -1.1069e-15   1.6505e-01  -6.3144e-16   3.0585e-16   8.4962e-02   6.8482e-01  -6.8126e-01
   6.2649e-01   5.3225e-01  -3.2058e-15  -2.5873e-15   3.0147e-01   2.8588e-15   2.5327e-16  -4.5944e-01  -1.2896e-01   7.4991e-02
   3.2207e-01  -4.3364e-01   1.3461e-15   2.4182e-15  -6.1796e-01   6.2450e-16  -1.7347e-17  -5.3075e-01   1.1999e-01  -1.7397e-01
   2.9772e-16   1.4505e-15  -3.4221e-02   7.0628e-01   2.1585e-15  -1.4724e-01   6.9161e-01  -5.7781e-16  -5.0379e-17   5.0314e-17
  -2.8917e-16  -5.6961e-15  -7.0628e-01  -3.4221e-02   6.6068e-16   6.9161e-01   1.4724e-01   2.7308e-15   5.0425e-16  -4.5038e-16
   6.2649e-01  -5.3225e-01   4.4409e-15  -7.9797e-17   3.0147e-01  -1.7208e-15   2.2204e-16   4.5944e-01  -1.2896e-01  -7.4991e-02
  -3.2207e-01  -4.3364e-01   5.6066e-15   4.5103e-16   6.1796e-01   3.5527e-15  -7.2164e-16  -5.3075e-01  -1.1999e-01  -1.7397e-01
   1.1102e-15   1.8943e-15  -3.4221e-02   7.0628e-01   1.1657e-15   1.4724e-01  -6.9161e-01   1.2212e-15   2.8449e-16  -2.7756e-16
  -6.1062e-16  -4.8850e-15  -7.0628e-01  -3.4221e-02   3.8858e-15  -6.9161e-01  -1.4724e-01  -3.2752e-15  -1.6653e-16   1.9429e-16
   6.1545e-02  -1.6933e-01   1.8095e-15   8.4228e-17   1.6505e-01   6.3684e-16  -1.1802e-16  -8.4962e-02   6.8482e-01   6.8126e-01
Cb
   6.1545e-02   1.6933e-01  -4.2587e-16  -1.1069e-15   1.6505e-01  -6.3144e-16   3.0585e-16   8.4962e-02   6.8482e-01  -6.8126e-01
   6.2649e-01   5.3225e-01  -3.2058e-15  -2.5873e-15   3.0147e-01   2.8588e-15   2.5327e-16  -4.5944e-01  -1.2896e-01   7.4991e-02
   3.2207e-01  -4.3364e-01   1.3461e-15   2.4182e-15  -6.1796e-01   6.2450e-16  -1.7347e-17  -5.3075e-01   1.1999e-01  -1.7397e-01
   2.9772e-16   1.4505e-15  -3.4221e-02   7.0628e-01   2.1585e-15  -1.4724e-01   6.9161e-01  -5.7781e-16  -5.0379e-17   5.0314e-17
  -2.8917e-16  -5.6961e-15  -7.0628e-01  -3.4221e-02   6.6068e-16   6.9161e-01   1.4724e-01   2.7308e-15   5.0425e-16  -4.5038e-16
   6.2649e-01  -5.3225e-01   4.4409e-15  -7.9797e-17   3.0147e-01  -1.7208e-15   2.2204e-16   4.5944e-01  -1.2896e-01  -7.4991e-02
  -3.2207e-01  -4.3364e-01   5.6066e-15   4.5103e-16   6.1796e-01   3.5527e-15  -7.2164e-16  -5.3075e-01  -1.1999e-01  -1.7397e-01
   1.1102e-15   1.8943e-15  -3.4221e-02   7.0628e-01   1.1657e-15   1.4724e-01  -6.9161e-01   1.2212e-15   2.8449e-16  -2.7756e-16
  -6.1062e-16  -4.8850e-15  -7.0628e-01  -3.4221e-02   3.8858e-15  -6.9161e-01  -1.4724e-01  -3.2752e-15  -1.6653e-16   1.9429e-16
   6.1545e-02  -1.6933e-01   1.8095e-15   8.4228e-17   1.6505e-01   6.3684e-16  -1.1802e-16  -8.4962e-02   6.8482e-01   6.8126e-01
 p =  5 q =  5
Pa_new
   5.9699e-02   1.7844e-01  -1.5560e-01  -1.4706e-16  -5.3459e-16  -1.8099e-03   8.7444e-03  -1.8575e-16   1.1526e-16   2.3566e-03
   1.7844e-01   7.6666e-01  -2.1533e-01  -1.0842e-16  -6.6102e-16   2.0008e-01  -2.4628e-01   3.3755e-16   5.4159e-16  -1.8099e-03
  -1.5560e-01  -2.1533e-01   6.7364e-01  -2.0508e-16   9.3512e-16   2.4628e-01  -2.9756e-01   4.7761e-16  -1.5131e-15  -8.7444e-03
  -1.4706e-16  -1.0842e-16  -2.0508e-16   5.0000e-01   3.1225e-16  -1.4312e-16   7.3565e-16   5.0000e-01   6.7307e-16   1.2653e-16
  -5.3459e-16  -6.6102e-16   9.3512e-16   3.1225e-16   5.0000e-01  -8.4017e-17  -1.0038e-15  -6.0368e-16   5.0000e-01  -2.2517e-16
  -1.8099e-03   2.0008e-01   2.4628e-01  -1.4312e-16  -8.4017e-17   7.6666e-01   2.1533e-01  -1.6960e-16   2.5516e-16   1.7844e-01
   8.7444e-03  -2.4628e-01  -2.9756e-01   7.3565e-16  -1.0038e-15   2.1533e-01   6.7364e-01  -3.3195e-16   7.4095e-16   1.5560e-01
  -1.8575e-16   3.3755e-16   4.7761e-16   5.0000e-01  -6.0368e-16  -1.6960e-16  -3.3195e-16   5.0000e-01  -2.4286e-16  -6.2465e-17
   1.1526e-16   5.4159e-16  -1.5131e-15   6.7307e-16   5.0000e-01   2.5516e-16   7.4095e-16  -2.4286e-16   5.0000e-01   1.4999e-16
   2.3566e-03  -1.8099e-03  -8.7444e-03   1.2653e-16  -2.2517e-16   1.7844e-01   1.5560e-01  -6.2465e-17   1.4999e-16   5.9699e-02
Pb_new
   5.9699e-02   1.7844e-01  -1.5560e-01  -1.4706e-16  -5.3459e-16  -1.8099e-03   8.7444e-03  -1.8575e-16   1.1526e-16   2.3566e-03
   1.7844e-01   7.6666e-01  -2.1533e-01  -1.0842e-16  -6.6102e-16   2.0008e-01  -2.4628e-01   3.3755e-16   5.4159e-16  -1.8099e-03
  -1.5560e-01  -2.1533e-01   6.7364e-01  -2.0508e-16   9.3512e-16   2.4628e-01  -2.9756e-01   4.7761e-16  -1.5131e-15  -8.7444e-03
  -1.4706e-16  -1.0842e-16  -2.0508e-16   5.0000e-01   3.1225e-16  -1.4312e-16   7.3565e-16   5.0000e-01   6.7307e-16   1.2653e-16
  -5.3459e-16  -6.6102e-16   9.3512e-16   3.1225e-16   5.0000e-01  -8.4017e-17  -1.0038e-15  -6.0368e-16   5.0000e-01  -2.2517e-16
  -1.8099e-03   2.0008e-01   2.4628e-01  -1.4312e-16  -8.4017e-17   7.6666e-01   2.1533e-01  -1.6960e-16   2.5516e-16   1.7844e-01
   8.7444e-03  -2.4628e-01  -2.9756e-01   7.3565e-16  -1.0038e-15   2.1533e-01   6.7364e-01  -3.3195e-16   7.4095e-16   1.5560e-01
  -1.8575e-16   3.3755e-16   4.7761e-16   5.0000e-01  -6.0368e-16  -1.6960e-16  -3.3195e-16   5.0000e-01  -2.4286e-16  -6.2465e-17
   1.1526e-16   5.4159e-16  -1.5131e-15   6.7307e-16   5.0000e-01   2.5516e-16   7.4095e-16  -2.4286e-16   5.0000e-01   1.4999e-16
   2.3566e-03  -1.8099e-03  -8.7444e-03   1.2653e-16  -2.2517e-16   1.7844e-01   1.5560e-01  -6.2465e-17   1.4999e-16   5.9699e-02
P_t
   0.1194
   4.8806
   4.8806
   0.1194
Ga
   9.0409e+01  -2.1299e+00   1.8573e+00   1.7554e-15   6.3811e-15   1.1269e-02  -5.4447e-02   1.1566e-15  -7.1770e-16  -9.9514e-03
  -2.1299e+00   1.2566e+02   3.6604e+00   1.8430e-15   1.1237e-14  -2.1956e+00   2.7025e+00  -3.7041e-15  -5.9432e-15   1.1269e-02
   1.8573e+00   3.6604e+00   1.2724e+02   3.4863e-15  -1.5896e-14  -2.7025e+00   3.2654e+00  -5.2411e-15   1.6604e-14   5.4447e-02
   1.7554e-15   1.8430e-15   3.4863e-15   1.3019e+02  -5.3080e-15   1.5706e-15  -8.0728e-15  -5.4868e+00  -7.3861e-15  -7.8781e-16
   6.3811e-15   1.1237e-14  -1.5896e-14  -5.3080e-15   1.3019e+02   9.2198e-16   1.1016e-14   6.6246e-15  -5.4868e+00   1.4020e-15
   1.1269e-02  -2.1956e+00  -2.7025e+00   1.5706e-15   9.2198e-16   1.2566e+02  -3.6604e+00   2.8831e-15  -4.3375e-15  -2.1299e+00
  -5.4447e-02   2.7025e+00   3.2654e+00  -8.0728e-15   1.1016e-14  -3.6604e+00   1.2724e+02   5.6429e-15  -1.2596e-14  -1.8573e+00
   1.1566e-15  -3.7041e-15  -5.2411e-15  -5.4868e+00   6.6246e-15   2.8831e-15   5.6429e-15   1.3019e+02   4.1284e-15   7.4561e-16
  -7.1770e-16  -5.9432e-15   1.6604e-14  -7.3861e-15  -5.4868e+00  -4.3375e-15  -1.2596e-14   4.1284e-15   1.3019e+02  -1.7904e-15
  -9.9514e-03   1.1269e-02   5.4447e-02  -7.8781e-16   1.4020e-15  -2.1299e+00  -1.8573e+00   7.4561e-16  -1.7904e-15   9.0409e+01
Gb
   9.0409e+01  -2.1299e+00   1.8573e+00   1.7554e-15   6.3811e-15   1.1269e-02  -5.4447e-02   1.1566e-15  -7.1770e-16  -9.9514e-03
  -2.1299e+00   1.2566e+02   3.6604e+00   1.8430e-15   1.1237e-14  -2.1956e+00   2.7025e+00  -3.7041e-15  -5.9432e-15   1.1269e-02
   1.8573e+00   3.6604e+00   1.2724e+02   3.4863e-15  -1.5896e-14  -2.7025e+00   3.2654e+00  -5.2411e-15   1.6604e-14   5.4447e-02
   1.7554e-15   1.8430e-15   3.4863e-15   1.3019e+02  -5.3080e-15   1.5706e-15  -8.0728e-15  -5.4868e+00  -7.3861e-15  -7.8781e-16
   6.3811e-15   1.1237e-14  -1.5896e-14  -5.3080e-15   1.3019e+02   9.2198e-16   1.1016e-14   6.6246e-15  -5.4868e+00   1.4020e-15
   1.1269e-02  -2.1956e+00  -2.7025e+00   1.5706e-15   9.2198e-16   1.2566e+02  -3.6604e+00   2.8831e-15  -4.3375e-15  -2.1299e+00
  -5.4447e-02   2.7025e+00   3.2654e+00  -8.0728e-15   1.1016e-14  -3.6604e+00   1.2724e+02   5.6429e-15  -1.2596e-14  -1.8573e+00
   1.1566e-15  -3.7041e-15  -5.2411e-15  -5.4868e+00   6.6246e-15   2.8831e-15   5.6429e-15   1.3019e+02   4.1284e-15   7.4561e-16
  -7.1770e-16  -5.9432e-15   1.6604e-14  -7.3861e-15  -5.4868e+00  -4.3375e-15  -1.2596e-14   4.1284e-15   1.3019e+02  -1.7904e-15
  -9.9514e-03   1.1269e-02   5.4447e-02  -7.8781e-16   1.4020e-15  -2.1299e+00  -1.8573e+00   7.4561e-16  -1.7904e-15   9.0409e+01
Iteration: 1
Fa
  -4.1808e+00  -9.4052e+00   8.8146e+00   1.7554e-15   6.3811e-15  -1.0830e+00   1.4088e+00   1.1566e-15  -7.1770e-16  -7.6538e-02
  -9.4052e+00  -9.9455e+00   3.6604e+00   1.8430e-15   1.1237e-14  -1.1988e+01   1.2198e+01  -3.7041e-15  -5.9432e-15  -1.0830e+00
   8.8146e+00   3.6604e+00   1.1471e-01   3.4863e-15  -1.5896e-14  -1.2198e+01   9.8189e+00  -5.2411e-15   1.6604e-14  -1.4088e+00
   1.7554e-15   1.8430e-15   3.4863e-15   3.0665e+00  -5.3080e-15   1.5706e-15  -8.0728e-15  -1.1732e+01  -7.3861e-15  -7.8781e-16
   6.3811e-15   1.1237e-14  -1.5896e-14  -5.3080e-15   3.0665e+00   9.2198e-16   1.1016e-14   6.6246e-15  -1.1732e+01   1.4020e-15
  -1.0830e+00  -1.1988e+01  -1.2198e+01   1.5706e-15   9.2198e-16  -9.9455e+00  -3.6604e+00   2.8831e-15  -4.3375e-15  -9.4052e+00
   1.4088e+00   1.2198e+01   9.8189e+00  -8.0728e-15   1.1016e-14  -3.6604e+00   1.1471e-01   5.6429e-15  -1.2596e-14  -8.8146e+00
   1.1566e-15  -3.7041e-15  -5.2411e-15  -1.1732e+01   6.6246e-15   2.8831e-15   5.6429e-15   3.0665e+00   4.1284e-15   7.4561e-16
  -7.1770e-16  -5.9432e-15   1.6604e-14  -7.3861e-15  -1.1732e+01  -4.3375e-15  -1.2596e-14   4.1284e-15   3.0665e+00  -1.7904e-15
  -7.6538e-02  -1.0830e+00  -1.4088e+00  -7.8781e-16   1.4020e-15  -9.4052e+00  -8.8146e+00   7.4561e-16  -1.7904e-15  -4.1808e+00
Fb
  -4.1808e+00  -9.4052e+00   8.8146e+00   1.7554e-15   6.3811e-15  -1.0830e+00   1.4088e+00   1.1566e-15  -7.1770e-16  -7.6538e-02
  -9.4052e+00  -9.9455e+00   3.6604e+00   1.8430e-15   1.1237e-14  -1.1988e+01   1.2198e+01  -3.7041e-15  -5.9432e-15  -1.0830e+00
   8.8146e+00   3.6604e+00   1.1471e-01   3.4863e-15  -1.5896e-14  -1.2198e+01   9.8189e+00  -5.2411e-15   1.6604e-14  -1.4088e+00
   1.7554e-15   1.8430e-15   3.4863e-15   3.0665e+00  -5.3080e-15   1.5706e-15  -8.0728e-15  -1.1732e+01  -7.3861e-15  -7.8781e-16
   6.3811e-15   1.1237e-14  -1.5896e-14  -5.3080e-15   3.0665e+00   9.2198e-16   1.1016e-14   6.6246e-15  -1.1732e+01   1.4020e-15
  -1.0830e+00  -1.1988e+01  -1.2198e+01   1.5706e-15   9.2198e-16  -9.9455e+00  -3.6604e+00   2.8831e-15  -4.3375e-15  -9.4052e+00
   1.4088e+00   1.2198e+01   9.8189e+00  -8.0728e-15   1.1016e-14  -3.6604e+00   1.1471e-01   5.6429e-15  -1.2596e-14  -8.8146e+00
   1.1566e-15  -3.7041e-15  -5.2411e-15  -1.1732e+01   6.6246e-15   2.8831e-15   5.6429e-15   3.0665e+00   4.1284e-15   7.4561e-16
  -7.1770e-16  -5.9432e-15   1.6604e-14  -7.3861e-15  -1.1732e+01  -4.3375e-15  -1.2596e-14   4.1284e-15   3.0665e+00  -1.7904e-15
  -7.6538e-02  -1.0830e+00  -1.4088e+00  -7.8781e-16   1.4020e-15  -9.4052e+00  -8.8146e+00   7.4561e-16  -1.7904e-15  -4.1808e+00
after solving eigen equation: 1
Ca
  -2.1549e-01  -4.3861e-01  -4.3018e-01   1.6480e-16  -5.5468e-16  -5.4663e-01  -5.1818e-01  -3.1876e-16  -1.8974e-16  -9.3902e-02
  -6.4030e-01  -4.1788e-01  -3.7782e-02   1.5266e-16  -1.1102e-16   4.0441e-01   2.9764e-01   4.9960e-16   4.2327e-16  -4.0229e-01
  -2.0876e-01   3.6469e-01   5.5992e-01  -4.8572e-17   1.9429e-16  -1.9404e-01  -3.7802e-01  -1.1796e-15  -4.3715e-16  -5.7389e-01
   1.4200e-16   5.8975e-17  -1.7260e-16   5.7153e-01   4.1636e-01  -4.4996e-16   2.7002e-16  -3.2159e-01   6.2974e-01  -5.7685e-17
   1.6792e-16   4.3308e-16   7.2934e-16   4.1636e-01  -5.7153e-01  -2.0085e-16  -1.4582e-15   6.2974e-01   3.2159e-01  -1.6297e-16
  -6.4030e-01   4.1788e-01  -3.7782e-02   5.5511e-17            0  -4.0441e-01   2.9764e-01   7.2164e-16   2.7756e-17   4.0229e-01
   2.0876e-01   3.6469e-01  -5.5992e-01  -1.6653e-16   5.5511e-17  -1.9404e-01   3.7802e-01   1.2212e-15  -2.7756e-17  -5.7389e-01
  -1.9921e-16  -8.7096e-17   3.5322e-16   5.7153e-01   4.1636e-01   7.9252e-17  -4.2836e-16   3.2159e-01  -6.2974e-01   2.3317e-16
  -5.5511e-17   1.1102e-16  -6.1062e-16   4.1636e-01  -5.7153e-01   5.5511e-17   1.2212e-15  -6.2974e-01  -3.2159e-01   1.1102e-16
  -2.1549e-01   4.3861e-01  -4.3018e-01   1.4344e-17   2.1152e-16   5.4663e-01  -5.1818e-01  -6.2958e-16   3.6588e-17   9.3902e-02
Cb
  -2.1549e-01  -4.3861e-01  -4.3018e-01   1.6480e-16  -5.5468e-16  -5.4663e-01  -5.1818e-01  -3.1876e-16  -1.8974e-16  -9.3902e-02
  -6.4030e-01  -4.1788e-01  -3.7782e-02   1.5266e-16  -1.1102e-16   4.0441e-01   2.9764e-01   4.9960e-16   4.2327e-16  -4.0229e-01
  -2.0876e-01   3.6469e-01   5.5992e-01  -4.8572e-17   1.9429e-16  -1.9404e-01  -3.7802e-01  -1.1796e-15  -4.3715e-16  -5.7389e-01
   1.4200e-16   5.8975e-17  -1.7260e-16   5.7153e-01   4.1636e-01  -4.4996e-16   2.7002e-16  -3.2159e-01   6.2974e-01  -5.7685e-17
   1.6792e-16   4.3308e-16   7.2934e-16   4.1636e-01  -5.7153e-01  -2.0085e-16  -1.4582e-15   6.2974e-01   3.2159e-01  -1.6297e-16
  -6.4030e-01   4.1788e-01  -3.7782e-02   5.5511e-17            0  -4.0441e-01   2.9764e-01   7.2164e-16   2.7756e-17   4.0229e-01
   2.0876e-01   3.6469e-01  -5.5992e-01  -1.6653e-16   5.5511e-17  -1.9404e-01   3.7802e-01   1.2212e-15  -2.7756e-17  -5.7389e-01
  -1.9921e-16  -8.7096e-17   3.5322e-16   5.7153e-01   4.1636e-01   7.9252e-17  -4.2836e-16   3.2159e-01  -6.2974e-01   2.3317e-16
  -5.5511e-17   1.1102e-16  -6.1062e-16   4.1636e-01  -5.7153e-01   5.5511e-17   1.2212e-15  -6.2974e-01  -3.2159e-01   1.1102e-16
  -2.1549e-01   4.3861e-01  -4.3018e-01   1.4344e-17   2.1152e-16   5.4663e-01  -5.1818e-01  -6.2958e-16   3.6588e-17   9.3902e-02
 p =  5 q =  5
Pa_new
   4.2387e-01   3.3752e-01  -3.5584e-01  -1.1897e-16  -1.5426e-16  -2.9053e-02   3.5925e-02  -2.0758e-16   6.1158e-16   3.9115e-02
   3.3752e-01   5.8603e-01  -3.9880e-02  -6.8025e-17  -1.8904e-16   2.3679e-01  -2.6491e-01   1.9162e-16   1.3923e-16  -2.9053e-02
  -3.5584e-01  -3.9880e-02   4.9010e-01  -5.1648e-17   3.9999e-16   2.6491e-01  -2.2410e-01   2.6073e-16  -4.2109e-16  -3.5925e-02
  -1.1897e-16  -6.8025e-17  -5.1648e-17   5.0000e-01            0  -2.8032e-17   7.5731e-17   5.0000e-01   3.8858e-16   1.6578e-16
  -1.5426e-16  -1.8904e-16   3.9999e-16            0   5.0000e-01   6.9014e-17  -3.1644e-16  -4.4409e-16   5.0000e-01  -2.7490e-16
  -2.9053e-02   2.3679e-01   2.6491e-01  -2.8032e-17   6.9014e-17   5.8603e-01   3.9880e-02   1.0954e-16   1.2812e-16   3.3752e-01
   3.5925e-02  -2.6491e-01  -2.2410e-01   7.5731e-17  -3.1644e-16   3.9880e-02   4.9010e-01  -3.4319e-16   2.6974e-16   3.5584e-01
  -2.0758e-16   1.9162e-16   2.6073e-16   5.0000e-01  -4.4409e-16   1.0954e-16  -3.4319e-16   5.0000e-01  -5.5511e-17  -5.0955e-17
   6.1158e-16   1.3923e-16  -4.2109e-16   3.8858e-16   5.0000e-01   1.2812e-16   2.6974e-16  -5.5511e-17   5.0000e-01   2.0842e-16
   3.9115e-02  -2.9053e-02  -3.5925e-02   1.6578e-16  -2.7490e-16   3.3752e-01   3.5584e-01  -5.0955e-17   2.0842e-16   4.2387e-01
Pb_new
   4.2387e-01   3.3752e-01  -3.5584e-01  -1.1897e-16  -1.5426e-16  -2.9053e-02   3.5925e-02  -2.0758e-16   6.1158e-16   3.9115e-02
   3.3752e-01   5.8603e-01  -3.9880e-02  -6.8025e-17  -1.8904e-16   2.3679e-01  -2.6491e-01   1.9162e-16   1.3923e-16  -2.9053e-02
  -3.5584e-01  -3.9880e-02   4.9010e-01  -5.1648e-17   3.9999e-16   2.6491e-01  -2.2410e-01   2.6073e-16  -4.2109e-16  -3.5925e-02
  -1.1897e-16  -6.8025e-17  -5.1648e-17   5.0000e-01            0  -2.8032e-17   7.5731e-17   5.0000e-01   3.8858e-16   1.6578e-16
  -1.5426e-16  -1.8904e-16   3.9999e-16            0   5.0000e-01   6.9014e-17  -3.1644e-16  -4.4409e-16   5.0000e-01  -2.7490e-16
  -2.9053e-02   2.3679e-01   2.6491e-01  -2.8032e-17   6.9014e-17   5.8603e-01   3.9880e-02   1.0954e-16   1.2812e-16   3.3752e-01
   3.5925e-02  -2.6491e-01  -2.2410e-01   7.5731e-17  -3.1644e-16   3.9880e-02   4.9010e-01  -3.4319e-16   2.6974e-16   3.5584e-01
  -2.0758e-16   1.9162e-16   2.6073e-16   5.0000e-01  -4.4409e-16   1.0954e-16  -3.4319e-16   5.0000e-01  -5.5511e-17  -5.0955e-17
   6.1158e-16   1.3923e-16  -4.2109e-16   3.8858e-16   5.0000e-01   1.2812e-16   2.6974e-16  -5.5511e-17   5.0000e-01   2.0842e-16
   3.9115e-02  -2.9053e-02  -3.5925e-02   1.6578e-16  -2.7490e-16   3.3752e-01   3.5584e-01  -5.0955e-17   2.0842e-16   4.2387e-01
P_t
   0.8477
   4.1523
   4.1523
   0.8477
Ga
   8.7932e+01  -4.0288e+00   4.2475e+00   1.4201e-15   1.8413e-15   1.8090e-01  -2.2369e-01   1.2925e-15  -3.8080e-15  -1.6517e-01
  -4.0288e+00   1.2159e+02   6.7793e-01   1.1564e-15   3.2135e-15  -2.5984e+00   2.9071e+00  -2.1028e-15  -1.5279e-15   1.8090e-01
   4.2475e+00   6.7793e-01   1.2322e+02   8.7798e-16  -6.7996e-15  -2.9071e+00   2.4592e+00  -2.8612e-15   4.6209e-15   2.2369e-01
   1.4201e-15   1.1564e-15   8.7798e-16   1.2305e+02            0   3.0761e-16  -8.3105e-16  -5.4868e+00  -4.2641e-15  -1.0323e-15
   1.8413e-15   3.2135e-15  -6.7996e-15            0   1.2305e+02  -7.5734e-16   3.4725e-15   4.8733e-15  -5.4868e+00   1.7116e-15
   1.8090e-01  -2.5984e+00  -2.9071e+00   3.0761e-16  -7.5734e-16   1.2159e+02  -6.7793e-01  -1.8621e-15  -2.1779e-15  -4.0288e+00
  -2.2369e-01   2.9071e+00   2.4592e+00  -8.3105e-16   3.4725e-15  -6.7793e-01   1.2322e+02   5.8340e-15  -4.5853e-15  -4.2475e+00
   1.2925e-15  -2.1028e-15  -2.8612e-15  -5.4868e+00   4.8733e-15  -1.8621e-15   5.8340e-15   1.2305e+02   9.4365e-16   6.0823e-16
  -3.8080e-15  -1.5279e-15   4.6209e-15  -4.2641e-15  -5.4868e+00  -2.1779e-15  -4.5853e-15   9.4365e-16   1.2305e+02  -2.4878e-15
  -1.6517e-01   1.8090e-01   2.2369e-01  -1.0323e-15   1.7116e-15  -4.0288e+00  -4.2475e+00   6.0823e-16  -2.4878e-15   8.7932e+01
Gb
   8.7932e+01  -4.0288e+00   4.2475e+00   1.4201e-15   1.8413e-15   1.8090e-01  -2.2369e-01   1.2925e-15  -3.8080e-15  -1.6517e-01
  -4.0288e+00   1.2159e+02   6.7793e-01   1.1564e-15   3.2135e-15  -2.5984e+00   2.9071e+00  -2.1028e-15  -1.5279e-15   1.8090e-01
   4.2475e+00   6.7793e-01   1.2322e+02   8.7798e-16  -6.7996e-15  -2.9071e+00   2.4592e+00  -2.8612e-15   4.6209e-15   2.2369e-01
   1.4201e-15   1.1564e-15   8.7798e-16   1.2305e+02            0   3.0761e-16  -8.3105e-16  -5.4868e+00  -4.2641e-15  -1.0323e-15
   1.8413e-15   3.2135e-15  -6.7996e-15            0   1.2305e+02  -7.5734e-16   3.4725e-15   4.8733e-15  -5.4868e+00   1.7116e-15
   1.8090e-01  -2.5984e+00  -2.9071e+00   3.0761e-16  -7.5734e-16   1.2159e+02  -6.7793e-01  -1.8621e-15  -2.1779e-15  -4.0288e+00
  -2.2369e-01   2.9071e+00   2.4592e+00  -8.3105e-16   3.4725e-15  -6.7793e-01   1.2322e+02   5.8340e-15  -4.5853e-15  -4.2475e+00
   1.2925e-15  -2.1028e-15  -2.8612e-15  -5.4868e+00   4.8733e-15  -1.8621e-15   5.8340e-15   1.2305e+02   9.4365e-16   6.0823e-16
  -3.8080e-15  -1.5279e-15   4.6209e-15  -4.2641e-15  -5.4868e+00  -2.1779e-15  -4.5853e-15   9.4365e-16   1.2305e+02  -2.4878e-15
  -1.6517e-01   1.8090e-01   2.2369e-01  -1.0323e-15   1.7116e-15  -4.0288e+00  -4.2475e+00   6.0823e-16  -2.4878e-15   8.7932e+01
Iteration: 2
Fa
  -6.6581e+00  -1.1304e+01   1.1205e+01   1.4201e-15   1.8413e-15  -9.1339e-01   1.2395e+00   1.2925e-15  -3.8080e-15  -2.3176e-01
  -1.1304e+01  -1.4020e+01   6.7793e-01   1.1564e-15   3.2135e-15  -1.2390e+01   1.2403e+01  -2.1028e-15  -1.5279e-15  -9.1339e-01
   1.1205e+01   6.7793e-01  -3.9101e+00   8.7798e-16  -6.7996e-15  -1.2403e+01   9.0127e+00  -2.8612e-15   4.6209e-15  -1.2395e+00
   1.4201e-15   1.1564e-15   8.7798e-16  -4.0784e+00            0   3.0761e-16  -8.3105e-16  -1.1732e+01  -4.2641e-15  -1.0323e-15
   1.8413e-15   3.2135e-15  -6.7996e-15            0  -4.0784e+00  -7.5734e-16   3.4725e-15   4.8733e-15  -1.1732e+01   1.7116e-15
  -9.1339e-01  -1.2390e+01  -1.2403e+01   3.0761e-16  -7.5734e-16  -1.4020e+01  -6.7793e-01  -1.8621e-15  -2.1779e-15  -1.1304e+01
   1.2395e+00   1.2403e+01   9.0127e+00  -8.3105e-16   3.4725e-15  -6.7793e-01  -3.9101e+00   5.8340e-15  -4.5853e-15  -1.1205e+01
   1.2925e-15  -2.1028e-15  -2.8612e-15  -1.1732e+01   4.8733e-15  -1.8621e-15   5.8340e-15  -4.0784e+00   9.4365e-16   6.0823e-16
  -3.8080e-15  -1.5279e-15   4.6209e-15  -4.2641e-15  -1.1732e+01  -2.1779e-15  -4.5853e-15   9.4365e-16  -4.0784e+00  -2.4878e-15
  -2.3176e-01  -9.1339e-01  -1.2395e+00  -1.0323e-15   1.7116e-15  -1.1304e+01  -1.1205e+01   6.0823e-16  -2.4878e-15  -6.6581e+00
Fb
  -6.6581e+00  -1.1304e+01   1.1205e+01   1.4201e-15   1.8413e-15  -9.1339e-01   1.2395e+00   1.2925e-15  -3.8080e-15  -2.3176e-01
  -1.1304e+01  -1.4020e+01   6.7793e-01   1.1564e-15   3.2135e-15  -1.2390e+01   1.2403e+01  -2.1028e-15  -1.5279e-15  -9.1339e-01
   1.1205e+01   6.7793e-01  -3.9101e+00   8.7798e-16  -6.7996e-15  -1.2403e+01   9.0127e+00  -2.8612e-15   4.6209e-15  -1.2395e+00
   1.4201e-15   1.1564e-15   8.7798e-16  -4.0784e+00            0   3.0761e-16  -8.3105e-16  -1.1732e+01  -4.2641e-15  -1.0323e-15
   1.8413e-15   3.2135e-15  -6.7996e-15            0  -4.0784e+00  -7.5734e-16   3.4725e-15   4.8733e-15  -1.1732e+01   1.7116e-15
  -9.1339e-01  -1.2390e+01  -1.2403e+01   3.0761e-16  -7.5734e-16  -1.4020e+01  -6.7793e-01  -1.8621e-15  -2.1779e-15  -1.1304e+01
   1.2395e+00   1.2403e+01   9.0127e+00  -8.3105e-16   3.4725e-15  -6.7793e-01  -3.9101e+00   5.8340e-15  -4.5853e-15  -1.1205e+01
   1.2925e-15  -2.1028e-15  -2.8612e-15  -1.1732e+01   4.8733e-15  -1.8621e-15   5.8340e-15  -4.0784e+00   9.4365e-16   6.0823e-16
  -3.8080e-15  -1.5279e-15   4.6209e-15  -4.2641e-15  -1.1732e+01  -2.1779e-15  -4.5853e-15   9.4365e-16  -4.0784e+00  -2.4878e-15
  -2.3176e-01  -9.1339e-01  -1.2395e+00  -1.0323e-15   1.7116e-15  -1.1304e+01  -1.1205e+01   6.0823e-16  -2.4878e-15  -6.6581e+00
after solving eigen equation: 2
Ca
  -1.8635e-01  -4.5827e-01  -4.6638e-01  -2.3592e-16  -1.0816e-15   5.0981e-01   2.9386e-15   4.5016e-16  -4.9776e-01   1.7343e-01
  -6.3267e-01  -4.0043e-01  -7.4693e-02   2.5674e-16   2.4286e-17  -4.7488e-01  -1.6584e-15   7.6328e-17   3.0684e-01   3.3786e-01
  -2.5496e-01   3.6006e-01   5.2622e-01   2.1511e-16   1.2212e-15   1.2075e-01   1.7347e-15   4.3715e-16  -3.9760e-01   5.9647e-01
  -7.6101e-17   2.4269e-16   1.2930e-15  -2.4460e-01  -6.6346e-01   4.0400e-16  -5.0275e-01   4.9724e-01  -1.8208e-15   6.6959e-17
  -4.6816e-17   2.1833e-19  -2.0559e-16  -6.6346e-01   2.4460e-01  -4.9052e-16   4.9724e-01   5.0275e-01   2.3319e-15  -1.7978e-16
  -6.3267e-01   4.0043e-01  -7.4693e-02            0   1.1102e-16   4.7488e-01  -1.1102e-15  -2.2204e-16   3.0684e-01  -3.3786e-01
   2.5496e-01   3.6006e-01  -5.2622e-01  -1.1102e-16  -9.7145e-16   1.2075e-01  -1.1657e-15  -5.5511e-17   3.9760e-01   5.9647e-01
  -3.2062e-16   2.8501e-16   1.6802e-15  -2.4460e-01  -6.6346e-01  -2.9314e-16   5.0275e-01  -4.9724e-01   1.9803e-15  -6.4910e-17
  -1.6653e-16  -1.1102e-16  -7.7716e-16  -6.6346e-01   2.4460e-01   4.4409e-16  -4.9724e-01  -5.0275e-01  -2.2760e-15   1.1102e-16
  -1.8635e-01   4.5827e-01  -4.6638e-01   1.6629e-31  -9.3528e-16  -5.0981e-01   1.8525e-15   2.0056e-16  -4.9776e-01  -1.7343e-01
Cb
  -1.8635e-01  -4.5827e-01  -4.6638e-01  -2.3592e-16  -1.0816e-15   5.0981e-01   2.9386e-15   4.5016e-16  -4.9776e-01   1.7343e-01
  -6.3267e-01  -4.0043e-01  -7.4693e-02   2.5674e-16   2.4286e-17  -4.7488e-01  -1.6584e-15   7.6328e-17   3.0684e-01   3.3786e-01
  -2.5496e-01   3.6006e-01   5.2622e-01   2.1511e-16   1.2212e-15   1.2075e-01   1.7347e-15   4.3715e-16  -3.9760e-01   5.9647e-01
  -7.6101e-17   2.4269e-16   1.2930e-15  -2.4460e-01  -6.6346e-01   4.0400e-16  -5.0275e-01   4.9724e-01  -1.8208e-15   6.6959e-17
  -4.6816e-17   2.1833e-19  -2.0559e-16  -6.6346e-01   2.4460e-01  -4.9052e-16   4.9724e-01   5.0275e-01   2.3319e-15  -1.7978e-16
  -6.3267e-01   4.0043e-01  -7.4693e-02            0   1.1102e-16   4.7488e-01  -1.1102e-15  -2.2204e-16   3.0684e-01  -3.3786e-01
   2.5496e-01   3.6006e-01  -5.2622e-01  -1.1102e-16  -9.7145e-16   1.2075e-01  -1.1657e-15  -5.5511e-17   3.9760e-01   5.9647e-01
  -3.2062e-16   2.8501e-16   1.6802e-15  -2.4460e-01  -6.6346e-01  -2.9314e-16   5.0275e-01  -4.9724e-01   1.9803e-15  -6.4910e-17
  -1.6653e-16  -1.1102e-16  -7.7716e-16  -6.6346e-01   2.4460e-01   4.4409e-16  -4.9724e-01  -5.0275e-01  -2.2760e-15   1.1102e-16
  -1.8635e-01   4.5827e-01  -4.6638e-01   1.6629e-31  -9.3528e-16  -5.0981e-01   1.8525e-15   2.0056e-16  -4.9776e-01  -1.7343e-01
 p =  5 q =  5
Pa_new
   4.6225e-01   3.3624e-01  -3.6291e-01   7.5219e-17  -3.5206e-18  -3.0771e-02   3.2901e-02  -7.9192e-17   3.3633e-16   4.2227e-02
   3.3624e-01   5.6619e-01  -2.2180e-02  -2.2452e-16  -1.1951e-16   2.4550e-01  -2.6618e-01  -1.1569e-16   4.3470e-17  -3.0771e-02
  -3.6291e-01  -2.2180e-02   4.7156e-01  -7.5645e-17   5.9824e-17   2.6618e-01  -2.1227e-01   2.0569e-16  -2.5048e-16  -3.2901e-02
   7.5219e-17  -2.2452e-16  -7.5645e-17   5.0000e-01  -5.5511e-17  -2.4913e-17   5.9222e-17   5.0000e-01   4.4409e-16   1.4287e-16
  -3.5206e-18  -1.1951e-16   5.9824e-17  -5.5511e-17   5.0000e-01   7.2219e-17  -6.7622e-17  -8.3267e-17   5.0000e-01  -1.2406e-16
  -3.0771e-02   2.4550e-01   2.6618e-01  -2.4913e-17   7.2219e-17   5.6619e-01   2.2180e-02   1.1782e-16   1.4611e-16   3.3624e-01
   3.2901e-02  -2.6618e-01  -2.1227e-01   5.9222e-17  -6.7622e-17   2.2180e-02   4.7156e-01  -1.9163e-16   1.6257e-16   3.6291e-01
  -7.9192e-17  -1.1569e-16   2.0569e-16   5.0000e-01  -8.3267e-17   1.1782e-16  -1.9163e-16   5.0000e-01   4.1633e-16   2.7251e-17
   3.3633e-16   4.3470e-17  -2.5048e-16   4.4409e-16   5.0000e-01   1.4611e-16   1.6257e-16   4.1633e-16   5.0000e-01   1.1384e-16
   4.2227e-02  -3.0771e-02  -3.2901e-02   1.4287e-16  -1.2406e-16   3.3624e-01   3.6291e-01   2.7251e-17   1.1384e-16   4.6225e-01
Pb_new
   4.6225e-01   3.3624e-01  -3.6291e-01   7.5219e-17  -3.5206e-18  -3.0771e-02   3.2901e-02  -7.9192e-17   3.3633e-16   4.2227e-02
   3.3624e-01   5.6619e-01  -2.2180e-02  -2.2452e-16  -1.1951e-16   2.4550e-01  -2.6618e-01  -1.1569e-16   4.3470e-17  -3.0771e-02
  -3.6291e-01  -2.2180e-02   4.7156e-01  -7.5645e-17   5.9824e-17   2.6618e-01  -2.1227e-01   2.0569e-16  -2.5048e-16  -3.2901e-02
   7.5219e-17  -2.2452e-16  -7.5645e-17   5.0000e-01  -5.5511e-17  -2.4913e-17   5.9222e-17   5.0000e-01   4.4409e-16   1.4287e-16
  -3.5206e-18  -1.1951e-16   5.9824e-17  -5.5511e-17   5.0000e-01   7.2219e-17  -6.7622e-17  -8.3267e-17   5.0000e-01  -1.2406e-16
  -3.0771e-02   2.4550e-01   2.6618e-01  -2.4913e-17   7.2219e-17   5.6619e-01   2.2180e-02   1.1782e-16   1.4611e-16   3.3624e-01
   3.2901e-02  -2.6618e-01  -2.1227e-01   5.9222e-17  -6.7622e-17   2.2180e-02   4.7156e-01  -1.9163e-16   1.6257e-16   3.6291e-01
  -7.9192e-17  -1.1569e-16   2.0569e-16   5.0000e-01  -8.3267e-17   1.1782e-16  -1.9163e-16   5.0000e-01   4.1633e-16   2.7251e-17
   3.3633e-16   4.3470e-17  -2.5048e-16   4.4409e-16   5.0000e-01   1.4611e-16   1.6257e-16   4.1633e-16   5.0000e-01   1.1384e-16
   4.2227e-02  -3.0771e-02  -3.2901e-02   1.4287e-16  -1.2406e-16   3.3624e-01   3.6291e-01   2.7251e-17   1.1384e-16   4.6225e-01
P_t
   0.9245
   4.0755
   4.0755
   0.9245
Ga
   8.7671e+01  -4.0135e+00   4.3320e+00  -8.9786e-16   4.2024e-17   1.9159e-01  -2.0486e-01   4.9309e-16  -2.0942e-15  -1.7831e-01
  -4.0135e+00   1.2117e+02   3.7704e-01   3.8167e-15   2.0315e-15  -2.6941e+00   2.9210e+00   1.2695e-15  -4.7703e-16   1.9159e-01
   4.3320e+00   3.7704e-01   1.2278e+02   1.2859e-15  -1.0170e-15  -2.9210e+00   2.3294e+00  -2.2572e-15   2.7486e-15   2.0486e-01
  -8.9786e-16   3.8167e-15   1.2859e-15   1.2230e+02   9.4365e-16   2.7338e-16  -6.4989e-16  -5.4868e+00  -4.8733e-15  -8.8958e-16
   4.2024e-17   2.0315e-15  -1.0170e-15   9.4365e-16   1.2230e+02  -7.9250e-16   7.4206e-16   9.1374e-16  -5.4868e+00   7.7243e-16
   1.9159e-01  -2.6941e+00  -2.9210e+00   2.7338e-16  -7.9250e-16   1.2117e+02  -3.7704e-01  -2.0028e-15  -2.4837e-15  -4.0135e+00
  -2.0486e-01   2.9210e+00   2.3294e+00  -6.4989e-16   7.4206e-16  -3.7704e-01   1.2278e+02   3.2576e-15  -2.7636e-15  -4.3320e+00
   4.9309e-16   1.2695e-15  -2.2572e-15  -5.4868e+00   9.1374e-16  -2.0028e-15   3.2576e-15   1.2230e+02  -7.0773e-15  -3.2529e-16
  -2.0942e-15  -4.7703e-16   2.7486e-15  -4.8733e-15  -5.4868e+00  -2.4837e-15  -2.7636e-15  -7.0773e-15   1.2230e+02  -1.3589e-15
  -1.7831e-01   1.9159e-01   2.0486e-01  -8.8958e-16   7.7243e-16  -4.0135e+00  -4.3320e+00  -3.2529e-16  -1.3589e-15   8.7671e+01
Gb
   8.7671e+01  -4.0135e+00   4.3320e+00  -8.9786e-16   4.2024e-17   1.9159e-01  -2.0486e-01   4.9309e-16  -2.0942e-15  -1.7831e-01
  -4.0135e+00   1.2117e+02   3.7704e-01   3.8167e-15   2.0315e-15  -2.6941e+00   2.9210e+00   1.2695e-15  -4.7703e-16   1.9159e-01
   4.3320e+00   3.7704e-01   1.2278e+02   1.2859e-15  -1.0170e-15  -2.9210e+00   2.3294e+00  -2.2572e-15   2.7486e-15   2.0486e-01
  -8.9786e-16   3.8167e-15   1.2859e-15   1.2230e+02   9.4365e-16   2.7338e-16  -6.4989e-16  -5.4868e+00  -4.8733e-15  -8.8958e-16
   4.2024e-17   2.0315e-15  -1.0170e-15   9.4365e-16   1.2230e+02  -7.9250e-16   7.4206e-16   9.1374e-16  -5.4868e+00   7.7243e-16
   1.9159e-01  -2.6941e+00  -2.9210e+00   2.7338e-16  -7.9250e-16   1.2117e+02  -3.7704e-01  -2.0028e-15  -2.4837e-15  -4.0135e+00
  -2.0486e-01   2.9210e+00   2.3294e+00  -6.4989e-16   7.4206e-16  -3.7704e-01   1.2278e+02   3.2576e-15  -2.7636e-15  -4.3320e+00
   4.9309e-16   1.2695e-15  -2.2572e-15  -5.4868e+00   9.1374e-16  -2.0028e-15   3.2576e-15   1.2230e+02  -7.0773e-15  -3.2529e-16
  -2.0942e-15  -4.7703e-16   2.7486e-15  -4.8733e-15  -5.4868e+00  -2.4837e-15  -2.7636e-15  -7.0773e-15   1.2230e+02  -1.3589e-15
  -1.7831e-01   1.9159e-01   2.0486e-01  -8.8958e-16   7.7243e-16  -4.0135e+00  -4.3320e+00  -3.2529e-16  -1.3589e-15   8.7671e+01
Iteration: 3
Fa
  -6.9192e+00  -1.1289e+01   1.1289e+01  -8.9786e-16   4.2024e-17  -9.0269e-01   1.2583e+00   4.9309e-16  -2.0942e-15  -2.4490e-01
  -1.1289e+01  -1.4435e+01   3.7704e-01   3.8167e-15   2.0315e-15  -1.2486e+01   1.2417e+01   1.2695e-15  -4.7703e-16  -9.0269e-01
   1.1289e+01   3.7704e-01  -4.3479e+00   1.2859e-15  -1.0170e-15  -1.2417e+01   8.8829e+00  -2.2572e-15   2.7486e-15  -1.2583e+00
  -8.9786e-16   3.8167e-15   1.2859e-15  -4.8313e+00   9.4365e-16   2.7338e-16  -6.4989e-16  -1.1732e+01  -4.8733e-15  -8.8958e-16
   4.2024e-17   2.0315e-15  -1.0170e-15   9.4365e-16  -4.8313e+00  -7.9250e-16   7.4206e-16   9.1374e-16  -1.1732e+01   7.7243e-16
  -9.0269e-01  -1.2486e+01  -1.2417e+01   2.7338e-16  -7.9250e-16  -1.4435e+01  -3.7704e-01  -2.0028e-15  -2.4837e-15  -1.1289e+01
   1.2583e+00   1.2417e+01   8.8829e+00  -6.4989e-16   7.4206e-16  -3.7704e-01  -4.3479e+00   3.2576e-15  -2.7636e-15  -1.1289e+01
   4.9309e-16   1.2695e-15  -2.2572e-15  -1.1732e+01   9.1374e-16  -2.0028e-15   3.2576e-15  -4.8313e+00  -7.0773e-15  -3.2529e-16
  -2.0942e-15  -4.7703e-16   2.7486e-15  -4.8733e-15  -1.1732e+01  -2.4837e-15  -2.7636e-15  -7.0773e-15  -4.8313e+00  -1.3589e-15
  -2.4490e-01  -9.0269e-01  -1.2583e+00  -8.8958e-16   7.7243e-16  -1.1289e+01  -1.1289e+01  -3.2529e-16  -1.3589e-15  -6.9192e+00
Fb
  -6.9192e+00  -1.1289e+01   1.1289e+01  -8.9786e-16   4.2024e-17  -9.0269e-01   1.2583e+00   4.9309e-16  -2.0942e-15  -2.4490e-01
  -1.1289e+01  -1.4435e+01   3.7704e-01   3.8167e-15   2.0315e-15  -1.2486e+01   1.2417e+01   1.2695e-15  -4.7703e-16  -9.0269e-01
   1.1289e+01   3.7704e-01  -4.3479e+00   1.2859e-15  -1.0170e-15  -1.2417e+01   8.8829e+00  -2.2572e-15   2.7486e-15  -1.2583e+00
  -8.9786e-16   3.8167e-15   1.2859e-15  -4.8313e+00   9.4365e-16   2.7338e-16  -6.4989e-16  -1.1732e+01  -4.8733e-15  -8.8958e-16
   4.2024e-17   2.0315e-15  -1.0170e-15   9.4365e-16  -4.8313e+00  -7.9250e-16   7.4206e-16   9.1374e-16  -1.1732e+01   7.7243e-16
  -9.0269e-01  -1.2486e+01  -1.2417e+01   2.7338e-16  -7.9250e-16  -1.4435e+01  -3.7704e-01  -2.0028e-15  -2.4837e-15  -1.1289e+01
   1.2583e+00   1.2417e+01   8.8829e+00  -6.4989e-16   7.4206e-16  -3.7704e-01  -4.3479e+00   3.2576e-15  -2.7636e-15  -1.1289e+01
   4.9309e-16   1.2695e-15  -2.2572e-15  -1.1732e+01   9.1374e-16  -2.0028e-15   3.2576e-15  -4.8313e+00  -7.0773e-15  -3.2529e-16
  -2.0942e-15  -4.7703e-16   2.7486e-15  -4.8733e-15  -1.1732e+01  -2.4837e-15  -2.7636e-15  -7.0773e-15  -4.8313e+00  -1.3589e-15
  -2.4490e-01  -9.0269e-01  -1.2583e+00  -8.8958e-16   7.7243e-16  -1.1289e+01  -1.1289e+01  -3.2529e-16  -1.3589e-15  -6.9192e+00
after solving eigen equation: 3
Ca
  -1.7982e-01  -4.5944e-01  -4.7077e-01  -7.4940e-16   5.1088e-16   5.0490e-01   1.4086e-15   9.3935e-16  -4.9603e-01  -1.8437e-01
  -6.3172e-01  -3.9816e-01  -8.2083e-02   3.4694e-17   2.7756e-17  -4.8261e-01  -1.1380e-15  -1.1623e-15   3.0691e-01  -3.2948e-01
  -2.6191e-01   3.6109e-01   5.2119e-01   6.4532e-16  -5.5164e-16   1.1026e-01   5.8981e-16  -6.5919e-17  -3.9970e-01  -5.9787e-01
   3.9248e-17   5.9257e-17   8.2252e-17   3.5972e-01   6.0877e-01   2.6730e-15  -3.4913e-01  -6.1491e-01   6.7174e-16  -1.5372e-16
   6.2512e-17  -8.9166e-17  -8.5121e-16   6.0877e-01  -3.5972e-01   3.0591e-16   6.1491e-01  -3.4913e-01   1.4290e-15   2.6196e-17
  -6.3172e-01   3.9816e-01  -8.2083e-02            0  -5.5511e-17   4.8261e-01   3.3307e-16   2.1649e-15   3.0691e-01   3.2948e-01
   2.6191e-01   3.6109e-01  -5.2119e-01  -5.5511e-16   3.8858e-16   1.1026e-01  -2.2204e-16   1.1657e-15   3.9970e-01  -5.9787e-01
  -1.1749e-16  -1.6944e-17   3.2505e-16   3.5972e-01   6.0877e-01  -2.7118e-15   3.4913e-01   6.1491e-01  -6.2873e-16   5.0297e-17
   5.5511e-17            0  -1.0547e-15   6.0877e-01  -3.5972e-01  -3.8858e-16  -6.1491e-01   3.4913e-01  -1.6098e-15   5.5511e-17
  -1.7982e-01   4.5944e-01  -4.7077e-01  -5.0600e-16   4.2662e-16  -5.0490e-01  -2.5411e-18  -2.6852e-15  -4.9603e-01   1.8437e-01
Cb
  -1.7982e-01  -4.5944e-01  -4.7077e-01  -7.4940e-16   5.1088e-16   5.0490e-01   1.4086e-15   9.3935e-16  -4.9603e-01  -1.8437e-01
  -6.3172e-01  -3.9816e-01  -8.2083e-02   3.4694e-17   2.7756e-17  -4.8261e-01  -1.1380e-15  -1.1623e-15   3.0691e-01  -3.2948e-01
  -2.6191e-01   3.6109e-01   5.2119e-01   6.4532e-16  -5.5164e-16   1.1026e-01   5.8981e-16  -6.5919e-17  -3.9970e-01  -5.9787e-01
   3.9248e-17   5.9257e-17   8.2252e-17   3.5972e-01   6.0877e-01   2.6730e-15  -3.4913e-01  -6.1491e-01   6.7174e-16  -1.5372e-16
   6.2512e-17  -8.9166e-17  -8.5121e-16   6.0877e-01  -3.5972e-01   3.0591e-16   6.1491e-01  -3.4913e-01   1.4290e-15   2.6196e-17
  -6.3172e-01   3.9816e-01  -8.2083e-02            0  -5.5511e-17   4.8261e-01   3.3307e-16   2.1649e-15   3.0691e-01   3.2948e-01
   2.6191e-01   3.6109e-01  -5.2119e-01  -5.5511e-16   3.8858e-16   1.1026e-01  -2.2204e-16   1.1657e-15   3.9970e-01  -5.9787e-01
  -1.1749e-16  -1.6944e-17   3.2505e-16   3.5972e-01   6.0877e-01  -2.7118e-15   3.4913e-01   6.1491e-01  -6.2873e-16   5.0297e-17
   5.5511e-17            0  -1.0547e-15   6.0877e-01  -3.5972e-01  -3.8858e-16  -6.1491e-01   3.4913e-01  -1.6098e-15   5.5511e-17
  -1.7982e-01   4.5944e-01  -4.7077e-01  -5.0600e-16   4.2662e-16  -5.0490e-01  -2.5411e-18  -2.6852e-15  -4.9603e-01   1.8437e-01
 p =  5 q =  5
Pa_new
   4.6504e-01   3.3516e-01  -3.6416e-01  -3.1568e-17  -2.0954e-16  -3.0692e-02   3.2364e-02  -8.2675e-17  -1.5344e-16   4.2876e-02
   3.3516e-01   5.6434e-01  -2.1100e-02  -2.5761e-17   7.7018e-17   2.4728e-01  -2.6645e-01   8.3664e-17   6.2643e-17  -3.0692e-02
  -3.6416e-01  -2.1100e-02   4.7063e-01  -4.9707e-17   9.9076e-17   2.6645e-01  -2.0985e-01   9.0373e-17   2.7041e-17  -3.2364e-02
  -3.1568e-17  -2.5761e-17  -4.9707e-17   5.0000e-01   1.6653e-16  -4.1745e-17   2.5681e-17   5.0000e-01   3.3307e-16   5.9139e-17
  -2.0954e-16   7.7018e-17   9.9076e-17   1.6653e-16   5.0000e-01   1.4845e-17  -4.9899e-17  -8.3267e-17   5.0000e-01  -1.1299e-16
  -3.0692e-02   2.4728e-01   2.6645e-01  -4.1745e-17   1.4845e-17   5.6434e-01   2.1100e-02   7.0012e-18   7.1475e-17   3.3516e-01
   3.2364e-02  -2.6645e-01  -2.0985e-01   2.5681e-17  -4.9899e-17   2.1100e-02   4.7063e-01  -1.6943e-16   8.6531e-17   3.6416e-01
  -8.2675e-17   8.3664e-17   9.0373e-17   5.0000e-01  -8.3267e-17   7.0012e-18  -1.6943e-16   5.0000e-01   8.3267e-17  -6.1986e-17
  -1.5344e-16   6.2643e-17   2.7041e-17   3.3307e-16   5.0000e-01   7.1475e-17   8.6531e-17   8.3267e-17   5.0000e-01   2.5040e-17
   4.2876e-02  -3.0692e-02  -3.2364e-02   5.9139e-17  -1.1299e-16   3.3516e-01   3.6416e-01  -6.1986e-17   2.5040e-17   4.6504e-01
Pb_new
   4.6504e-01   3.3516e-01  -3.6416e-01  -3.1568e-17  -2.0954e-16  -3.0692e-02   3.2364e-02  -8.2675e-17  -1.5344e-16   4.2876e-02
   3.3516e-01   5.6434e-01  -2.1100e-02  -2.5761e-17   7.7018e-17   2.4728e-01  -2.6645e-01   8.3664e-17   6.2643e-17  -3.0692e-02
  -3.6416e-01  -2.1100e-02   4.7063e-01  -4.9707e-17   9.9076e-17   2.6645e-01  -2.0985e-01   9.0373e-17   2.7041e-17  -3.2364e-02
  -3.1568e-17  -2.5761e-17  -4.9707e-17   5.0000e-01   1.6653e-16  -4.1745e-17   2.5681e-17   5.0000e-01   3.3307e-16   5.9139e-17
  -2.0954e-16   7.7018e-17   9.9076e-17   1.6653e-16   5.0000e-01   1.4845e-17  -4.9899e-17  -8.3267e-17   5.0000e-01  -1.1299e-16
  -3.0692e-02   2.4728e-01   2.6645e-01  -4.1745e-17   1.4845e-17   5.6434e-01   2.1100e-02   7.0012e-18   7.1475e-17   3.3516e-01
   3.2364e-02  -2.6645e-01  -2.0985e-01   2.5681e-17  -4.9899e-17   2.1100e-02   4.7063e-01  -1.6943e-16   8.6531e-17   3.6416e-01
  -8.2675e-17   8.3664e-17   9.0373e-17   5.0000e-01  -8.3267e-17   7.0012e-18  -1.6943e-16   5.0000e-01   8.3267e-17  -6.1986e-17
  -1.5344e-16   6.2643e-17   2.7041e-17   3.3307e-16   5.0000e-01   7.1475e-17   8.6531e-17   8.3267e-17   5.0000e-01   2.5040e-17
   4.2876e-02  -3.0692e-02  -3.2364e-02   5.9139e-17  -1.1299e-16   3.3516e-01   3.6416e-01  -6.1986e-17   2.5040e-17   4.6504e-01
P_t
   0.9301
   4.0699
   4.0699
   0.9301
Ga
   8.7652e+01  -4.0007e+00   4.3469e+00   3.7681e-16   2.5012e-15   1.9110e-01  -2.0152e-01   5.1477e-16   9.5541e-16  -1.8105e-01
  -4.0007e+00   1.2115e+02   3.5868e-01   4.3792e-16  -1.3092e-15  -2.7135e+00   2.9239e+00  -9.1810e-16  -6.8743e-16   1.9110e-01
   4.3469e+00   3.5868e-01   1.2274e+02   8.4498e-16  -1.6842e-15  -2.9239e+00   2.3028e+00  -9.9172e-16  -2.9674e-16   2.0152e-01
   3.7681e-16   4.3792e-16   8.4498e-16   1.2224e+02  -2.8309e-15   4.5810e-16  -2.8181e-16  -5.4868e+00  -3.6550e-15  -3.6823e-16
   2.5012e-15  -1.3092e-15  -1.6842e-15  -2.8309e-15   1.2224e+02  -1.6291e-16   5.4757e-16   9.1374e-16  -5.4868e+00   7.0353e-16
   1.9110e-01  -2.7135e+00  -2.9239e+00   4.5810e-16  -1.6291e-16   1.2115e+02  -3.5868e-01  -1.1901e-16  -1.2150e-15  -4.0007e+00
  -2.0152e-01   2.9239e+00   2.3028e+00  -2.8181e-16   5.4757e-16  -3.5868e-01   1.2274e+02   2.8802e-15  -1.4710e-15  -4.3469e+00
   5.1477e-16  -9.1810e-16  -9.9172e-16  -5.4868e+00   9.1374e-16  -1.1901e-16   2.8802e-15   1.2224e+02  -1.4155e-15   7.3990e-16
   9.5541e-16  -6.8743e-16  -2.9674e-16  -3.6550e-15  -5.4868e+00  -1.2150e-15  -1.4710e-15  -1.4155e-15   1.2224e+02  -2.9890e-16
  -1.8105e-01   1.9110e-01   2.0152e-01  -3.6823e-16   7.0353e-16  -4.0007e+00  -4.3469e+00   7.3990e-16  -2.9890e-16   8.7652e+01
Gb
   8.7652e+01  -4.0007e+00   4.3469e+00   3.7681e-16   2.5012e-15   1.9110e-01  -2.0152e-01   5.1477e-16   9.5541e-16  -1.8105e-01
  -4.0007e+00   1.2115e+02   3.5868e-01   4.3792e-16  -1.3092e-15  -2.7135e+00   2.9239e+00  -9.1810e-16  -6.8743e-16   1.9110e-01
   4.3469e+00   3.5868e-01   1.2274e+02   8.4498e-16  -1.6842e-15  -2.9239e+00   2.3028e+00  -9.9172e-16  -2.9674e-16   2.0152e-01
   3.7681e-16   4.3792e-16   8.4498e-16   1.2224e+02  -2.8309e-15   4.5810e-16  -2.8181e-16  -5.4868e+00  -3.6550e-15  -3.6823e-16
   2.5012e-15  -1.3092e-15  -1.6842e-15  -2.8309e-15   1.2224e+02  -1.6291e-16   5.4757e-16   9.1374e-16  -5.4868e+00   7.0353e-16
   1.9110e-01  -2.7135e+00  -2.9239e+00   4.5810e-16  -1.6291e-16   1.2115e+02  -3.5868e-01  -1.1901e-16  -1.2150e-15  -4.0007e+00
  -2.0152e-01   2.9239e+00   2.3028e+00  -2.8181e-16   5.4757e-16  -3.5868e-01   1.2274e+02   2.8802e-15  -1.4710e-15  -4.3469e+00
   5.1477e-16  -9.1810e-16  -9.9172e-16  -5.4868e+00   9.1374e-16  -1.1901e-16   2.8802e-15   1.2224e+02  -1.4155e-15   7.3990e-16
   9.5541e-16  -6.8743e-16  -2.9674e-16  -3.6550e-15  -5.4868e+00  -1.2150e-15  -1.4710e-15  -1.4155e-15   1.2224e+02  -2.9890e-16
  -1.8105e-01   1.9110e-01   2.0152e-01  -3.6823e-16   7.0353e-16  -4.0007e+00  -4.3469e+00   7.3990e-16  -2.9890e-16   8.7652e+01
Iteration: 4
Fa
  -6.9382e+00  -1.1276e+01   1.1304e+01   3.7681e-16   2.5012e-15  -9.0318e-01   1.2617e+00   5.1477e-16   9.5541e-16  -2.4764e-01
  -1.1276e+01  -1.4459e+01   3.5868e-01   4.3792e-16  -1.3092e-15  -1.2506e+01   1.2420e+01  -9.1810e-16  -6.8743e-16  -9.0318e-01
   1.1304e+01   3.5868e-01  -4.3867e+00   8.4498e-16  -1.6842e-15  -1.2420e+01   8.8563e+00  -9.9172e-16  -2.9674e-16  -1.2617e+00
   3.7681e-16   4.3792e-16   8.4498e-16  -4.8861e+00  -2.8309e-15   4.5810e-16  -2.8181e-16  -1.1732e+01  -3.6550e-15  -3.6823e-16
   2.5012e-15  -1.3092e-15  -1.6842e-15  -2.8309e-15  -4.8861e+00  -1.6291e-16   5.4757e-16   9.1374e-16  -1.1732e+01   7.0353e-16
  -9.0318e-01  -1.2506e+01  -1.2420e+01   4.5810e-16  -1.6291e-16  -1.4459e+01  -3.5868e-01  -1.1901e-16  -1.2150e-15  -1.1276e+01
   1.2617e+00   1.2420e+01   8.8563e+00  -2.8181e-16   5.4757e-16  -3.5868e-01  -4.3867e+00   2.8802e-15  -1.4710e-15  -1.1304e+01
   5.1477e-16  -9.1810e-16  -9.9172e-16  -1.1732e+01   9.1374e-16  -1.1901e-16   2.8802e-15  -4.8861e+00  -1.4155e-15   7.3990e-16
   9.5541e-16  -6.8743e-16  -2.9674e-16  -3.6550e-15  -1.1732e+01  -1.2150e-15  -1.4710e-15  -1.4155e-15  -4.8861e+00  -2.9890e-16
  -2.4764e-01  -9.0318e-01  -1.2617e+00  -3.6823e-16   7.0353e-16  -1.1276e+01  -1.1304e+01   7.3990e-16  -2.9890e-16  -6.9382e+00
Fb
  -6.9382e+00  -1.1276e+01   1.1304e+01   3.7681e-16   2.5012e-15  -9.0318e-01   1.2617e+00   5.1477e-16   9.5541e-16  -2.4764e-01
  -1.1276e+01  -1.4459e+01   3.5868e-01   4.3792e-16  -1.3092e-15  -1.2506e+01   1.2420e+01  -9.1810e-16  -6.8743e-16  -9.0318e-01
   1.1304e+01   3.5868e-01  -4.3867e+00   8.4498e-16  -1.6842e-15  -1.2420e+01   8.8563e+00  -9.9172e-16  -2.9674e-16  -1.2617e+00
   3.7681e-16   4.3792e-16   8.4498e-16  -4.8861e+00  -2.8309e-15   4.5810e-16  -2.8181e-16  -1.1732e+01  -3.6550e-15  -3.6823e-16
   2.5012e-15  -1.3092e-15  -1.6842e-15  -2.8309e-15  -4.8861e+00  -1.6291e-16   5.4757e-16   9.1374e-16  -1.1732e+01   7.0353e-16
  -9.0318e-01  -1.2506e+01  -1.2420e+01   4.5810e-16  -1.6291e-16  -1.4459e+01  -3.5868e-01  -1.1901e-16  -1.2150e-15  -1.1276e+01
   1.2617e+00   1.2420e+01   8.8563e+00  -2.8181e-16   5.4757e-16  -3.5868e-01  -4.3867e+00   2.8802e-15  -1.4710e-15  -1.1304e+01
   5.1477e-16  -9.1810e-16  -9.9172e-16  -1.1732e+01   9.1374e-16  -1.1901e-16   2.8802e-15  -4.8861e+00  -1.4155e-15   7.3990e-16
   9.5541e-16  -6.8743e-16  -2.9674e-16  -3.6550e-15  -1.1732e+01  -1.2150e-15  -1.4710e-15  -1.4155e-15  -4.8861e+00  -2.9890e-16
  -2.4764e-01  -9.0318e-01  -1.2617e+00  -3.6823e-16   7.0353e-16  -1.1276e+01  -1.1304e+01   7.3990e-16  -2.9890e-16  -6.9382e+00
after solving eigen equation: 4
Ca
  -1.7914e-01  -4.5949e-01  -4.7123e-01  -7.5027e-16   8.1532e-17   5.0450e-01   8.5435e-17   4.5970e-16  -4.9584e-01  -1.8535e-01
  -6.3172e-01  -3.9768e-01  -8.2625e-02  -8.6736e-17   2.0817e-16  -4.8317e-01  -2.4286e-17  -2.9143e-16   3.0676e-01  -3.2924e-01
  -2.6237e-01   3.6155e-01   5.2069e-01   9.1940e-16   9.0206e-17   1.0970e-01   9.3675e-17   1.5959e-16  -4.0006e-01  -5.9770e-01
  -2.9886e-17   1.3152e-16   7.3621e-16  -5.8645e-01  -3.9506e-01  -3.1501e-16   6.8040e-01  -1.9248e-01  -2.6966e-16   9.1163e-18
   5.3463e-18   2.0845e-16   4.5985e-16  -3.9506e-01   5.8645e-01  -2.8043e-16   1.9248e-01   6.8040e-01   8.9298e-17   3.1552e-18
  -6.3172e-01   3.9768e-01  -8.2625e-02            0            0   4.8317e-01   2.2204e-16   1.1102e-16   3.0676e-01   3.2924e-01
   2.6237e-01   3.6155e-01  -5.2069e-01  -4.9960e-16  -5.5511e-17   1.0970e-01   3.0531e-16  -5.5511e-17   4.0006e-01  -5.9770e-01
  -9.6352e-17   7.2555e-17   7.9542e-16  -5.8645e-01  -3.9506e-01   2.3107e-16  -6.8040e-01   1.9248e-01   3.1113e-16  -1.5463e-16
   1.1102e-16   2.2204e-16   3.3307e-16  -3.9506e-01   5.8645e-01   4.4409e-16  -1.9248e-01  -6.8040e-01  -2.2204e-16   5.5511e-17
  -1.7914e-01   4.5949e-01  -4.7123e-01  -4.6298e-16  -1.4699e-16  -5.0450e-01  -4.9129e-16   4.4104e-17  -4.9584e-01   1.8535e-01
Cb
  -1.7914e-01  -4.5949e-01  -4.7123e-01  -7.5027e-16   8.1532e-17   5.0450e-01   8.5435e-17   4.5970e-16  -4.9584e-01  -1.8535e-01
  -6.3172e-01  -3.9768e-01  -8.2625e-02  -8.6736e-17   2.0817e-16  -4.8317e-01  -2.4286e-17  -2.9143e-16   3.0676e-01  -3.2924e-01
  -2.6237e-01   3.6155e-01   5.2069e-01   9.1940e-16   9.0206e-17   1.0970e-01   9.3675e-17   1.5959e-16  -4.0006e-01  -5.9770e-01
  -2.9886e-17   1.3152e-16   7.3621e-16  -5.8645e-01  -3.9506e-01  -3.1501e-16   6.8040e-01  -1.9248e-01  -2.6966e-16   9.1163e-18
   5.3463e-18   2.0845e-16   4.5985e-16  -3.9506e-01   5.8645e-01  -2.8043e-16   1.9248e-01   6.8040e-01   8.9298e-17   3.1552e-18
  -6.3172e-01   3.9768e-01  -8.2625e-02            0            0   4.8317e-01   2.2204e-16   1.1102e-16   3.0676e-01   3.2924e-01
   2.6237e-01   3.6155e-01  -5.2069e-01  -4.9960e-16  -5.5511e-17   1.0970e-01   3.0531e-16  -5.5511e-17   4.0006e-01  -5.9770e-01
  -9.6352e-17   7.2555e-17   7.9542e-16  -5.8645e-01  -3.9506e-01   2.3107e-16  -6.8040e-01   1.9248e-01   3.1113e-16  -1.5463e-16
   1.1102e-16   2.2204e-16   3.3307e-16  -3.9506e-01   5.8645e-01   4.4409e-16  -1.9248e-01  -6.8040e-01  -2.2204e-16   5.5511e-17
  -1.7914e-01   4.5949e-01  -4.7123e-01  -4.6298e-16  -1.4699e-16  -5.0450e-01  -4.9129e-16   4.4104e-17  -4.9584e-01   1.8535e-01
 p =  5 q =  5
Pa_new
   4.6528e-01   3.3483e-01  -3.6449e-01   5.7854e-18   3.0785e-17  -3.0630e-02   3.2236e-02   1.6884e-17   6.5351e-17   4.3018e-02
   3.3483e-01   5.6405e-01  -2.1062e-02  -1.2562e-16   3.2078e-17   2.4775e-01  -2.6650e-01  -6.5079e-17  -2.9612e-17  -3.0630e-02
  -3.6449e-01  -2.1062e-02   4.7067e-01  -1.3610e-16   3.0792e-18   2.6650e-01  -2.0923e-01  -1.0915e-16  -8.5745e-17  -3.2236e-02
   5.7854e-18  -1.2562e-16  -1.3610e-16   5.0000e-01   5.5511e-17   1.0353e-17  -2.8701e-17   5.0000e-01   1.1102e-16   4.8449e-17
   3.0785e-17   3.2078e-17   3.0792e-18   5.5511e-17   5.0000e-01   4.1522e-17   2.1464e-18  -1.1102e-16   5.0000e-01  -2.5171e-17
  -3.0630e-02   2.4775e-01   2.6650e-01   1.0353e-17   4.1522e-17   5.6405e-01   2.1062e-02   2.4001e-17  -9.3519e-18   3.3483e-01
   3.2236e-02  -2.6650e-01  -2.0923e-01  -2.8701e-17   2.1464e-18   2.1062e-02   4.7067e-01  -9.8288e-17   1.0080e-16   3.6449e-01
   1.6884e-17  -6.5079e-17  -1.0915e-16   5.0000e-01  -1.1102e-16   2.4001e-17  -9.8288e-17   5.0000e-01  -2.7756e-17   5.3612e-18
   6.5351e-17  -2.9612e-17  -8.5745e-17   1.1102e-16   5.0000e-01  -9.3519e-18   1.0080e-16  -2.7756e-17   5.0000e-01   2.1892e-17
   4.3018e-02  -3.0630e-02  -3.2236e-02   4.8449e-17  -2.5171e-17   3.3483e-01   3.6449e-01   5.3612e-18   2.1892e-17   4.6528e-01
Pb_new
   4.6528e-01   3.3483e-01  -3.6449e-01   5.7854e-18   3.0785e-17  -3.0630e-02   3.2236e-02   1.6884e-17   6.5351e-17   4.3018e-02
   3.3483e-01   5.6405e-01  -2.1062e-02  -1.2562e-16   3.2078e-17   2.4775e-01  -2.6650e-01  -6.5079e-17  -2.9612e-17  -3.0630e-02
  -3.6449e-01  -2.1062e-02   4.7067e-01  -1.3610e-16   3.0792e-18   2.6650e-01  -2.0923e-01  -1.0915e-16  -8.5745e-17  -3.2236e-02
   5.7854e-18  -1.2562e-16  -1.3610e-16   5.0000e-01   5.5511e-17   1.0353e-17  -2.8701e-17   5.0000e-01   1.1102e-16   4.8449e-17
   3.0785e-17   3.2078e-17   3.0792e-18   5.5511e-17   5.0000e-01   4.1522e-17   2.1464e-18  -1.1102e-16   5.0000e-01  -2.5171e-17
  -3.0630e-02   2.4775e-01   2.6650e-01   1.0353e-17   4.1522e-17   5.6405e-01   2.1062e-02   2.4001e-17  -9.3519e-18   3.3483e-01
   3.2236e-02  -2.6650e-01  -2.0923e-01  -2.8701e-17   2.1464e-18   2.1062e-02   4.7067e-01  -9.8288e-17   1.0080e-16   3.6449e-01
   1.6884e-17  -6.5079e-17  -1.0915e-16   5.0000e-01  -1.1102e-16   2.4001e-17  -9.8288e-17   5.0000e-01  -2.7756e-17   5.3612e-18
   6.5351e-17  -2.9612e-17  -8.5745e-17   1.1102e-16   5.0000e-01  -9.3519e-18   1.0080e-16  -2.7756e-17   5.0000e-01   2.1892e-17
   4.3018e-02  -3.0630e-02  -3.2236e-02   4.8449e-17  -2.5171e-17   3.3483e-01   3.6449e-01   5.3612e-18   2.1892e-17   4.6528e-01
P_t
   0.9306
   4.0694
   4.0694
   0.9306
Ga
   8.7650e+01  -3.9967e+00   4.3508e+00  -6.9058e-17  -3.6747e-16   1.9072e-01  -2.0072e-01  -1.0513e-16  -4.0691e-16  -1.8165e-01
  -3.9967e+00   1.2115e+02   3.5803e-01   2.1355e-15  -5.4531e-16  -2.7187e+00   2.9245e+00   7.1416e-16   3.2495e-16   1.9072e-01
   4.3508e+00   3.5803e-01   1.2273e+02   2.3135e-15  -5.2343e-17  -2.9245e+00   2.2960e+00   1.1978e-15   9.4094e-16   2.0072e-01
  -6.9058e-17   2.1355e-15   2.3135e-15   1.2224e+02  -9.4365e-16  -1.1362e-16   3.1496e-16  -5.4868e+00  -1.2183e-15  -3.0167e-16
  -3.6747e-16  -5.4531e-16  -5.2343e-17  -9.4365e-16   1.2224e+02  -4.5565e-16  -2.3554e-17   1.2183e-15  -5.4868e+00   1.5673e-16
   1.9072e-01  -2.7187e+00  -2.9245e+00  -1.1362e-16  -4.5565e-16   1.2115e+02  -3.5803e-01  -4.0799e-16   1.5898e-16  -3.9967e+00
  -2.0072e-01   2.9245e+00   2.2960e+00   3.1496e-16  -2.3554e-17  -3.5803e-01   1.2273e+02   1.6708e-15  -1.7136e-15  -4.3508e+00
  -1.0513e-16   7.1416e-16   1.1978e-15  -5.4868e+00   1.2183e-15  -4.0799e-16   1.6708e-15   1.2224e+02   4.7182e-16  -6.3994e-17
  -4.0691e-16   3.2495e-16   9.4094e-16  -1.2183e-15  -5.4868e+00   1.5898e-16  -1.7136e-15   4.7182e-16   1.2224e+02  -2.6131e-16
  -1.8165e-01   1.9072e-01   2.0072e-01  -3.0167e-16   1.5673e-16  -3.9967e+00  -4.3508e+00  -6.3994e-17  -2.6131e-16   8.7650e+01
Gb
   8.7650e+01  -3.9967e+00   4.3508e+00  -6.9058e-17  -3.6747e-16   1.9072e-01  -2.0072e-01  -1.0513e-16  -4.0691e-16  -1.8165e-01
  -3.9967e+00   1.2115e+02   3.5803e-01   2.1355e-15  -5.4531e-16  -2.7187e+00   2.9245e+00   7.1416e-16   3.2495e-16   1.9072e-01
   4.3508e+00   3.5803e-01   1.2273e+02   2.3135e-15  -5.2343e-17  -2.9245e+00   2.2960e+00   1.1978e-15   9.4094e-16   2.0072e-01
  -6.9058e-17   2.1355e-15   2.3135e-15   1.2224e+02  -9.4365e-16  -1.1362e-16   3.1496e-16  -5.4868e+00  -1.2183e-15  -3.0167e-16
  -3.6747e-16  -5.4531e-16  -5.2343e-17  -9.4365e-16   1.2224e+02  -4.5565e-16  -2.3554e-17   1.2183e-15  -5.4868e+00   1.5673e-16
   1.9072e-01  -2.7187e+00  -2.9245e+00  -1.1362e-16  -4.5565e-16   1.2115e+02  -3.5803e-01  -4.0799e-16   1.5898e-16  -3.9967e+00
  -2.0072e-01   2.9245e+00   2.2960e+00   3.1496e-16  -2.3554e-17  -3.5803e-01   1.2273e+02   1.6708e-15  -1.7136e-15  -4.3508e+00
  -1.0513e-16   7.1416e-16   1.1978e-15  -5.4868e+00   1.2183e-15  -4.0799e-16   1.6708e-15   1.2224e+02   4.7182e-16  -6.3994e-17
  -4.0691e-16   3.2495e-16   9.4094e-16  -1.2183e-15  -5.4868e+00   1.5898e-16  -1.7136e-15   4.7182e-16   1.2224e+02  -2.6131e-16
  -1.8165e-01   1.9072e-01   2.0072e-01  -3.0167e-16   1.5673e-16  -3.9967e+00  -4.3508e+00  -6.3994e-17  -2.6131e-16   8.7650e+01
Iteration: 5
Fa
  -6.9398e+00  -1.1272e+01   1.1308e+01  -6.9058e-17  -3.6747e-16  -9.0357e-01   1.2625e+00  -1.0513e-16  -4.0691e-16  -2.4824e-01
  -1.1272e+01  -1.4459e+01   3.5803e-01   2.1355e-15  -5.4531e-16  -1.2511e+01   1.2420e+01   7.1416e-16   3.2495e-16  -9.0357e-01
   1.1308e+01   3.5803e-01  -4.3922e+00   2.3135e-15  -5.2343e-17  -1.2420e+01   8.8496e+00   1.1978e-15   9.4094e-16  -1.2625e+00
  -6.9058e-17   2.1355e-15   2.3135e-15  -4.8908e+00  -9.4365e-16  -1.1362e-16   3.1496e-16  -1.1732e+01  -1.2183e-15  -3.0167e-16
  -3.6747e-16  -5.4531e-16  -5.2343e-17  -9.4365e-16  -4.8908e+00  -4.5565e-16  -2.3554e-17   1.2183e-15  -1.1732e+01   1.5673e-16
  -9.0357e-01  -1.2511e+01  -1.2420e+01  -1.1362e-16  -4.5565e-16  -1.4459e+01  -3.5803e-01  -4.0799e-16   1.5898e-16  -1.1272e+01
   1.2625e+00   1.2420e+01   8.8496e+00   3.1496e-16  -2.3554e-17  -3.5803e-01  -4.3922e+00   1.6708e-15  -1.7136e-15  -1.1308e+01
  -1.0513e-16   7.1416e-16   1.1978e-15  -1.1732e+01   1.2183e-15  -4.0799e-16   1.6708e-15  -4.8908e+00   4.7182e-16  -6.3994e-17
  -4.0691e-16   3.2495e-16   9.4094e-16  -1.2183e-15  -1.1732e+01   1.5898e-16  -1.7136e-15   4.7182e-16  -4.8908e+00  -2.6131e-16
  -2.4824e-01  -9.0357e-01  -1.2625e+00  -3.0167e-16   1.5673e-16  -1.1272e+01  -1.1308e+01  -6.3994e-17  -2.6131e-16  -6.9398e+00
Fb
  -6.9398e+00  -1.1272e+01   1.1308e+01  -6.9058e-17  -3.6747e-16  -9.0357e-01   1.2625e+00  -1.0513e-16  -4.0691e-16  -2.4824e-01
  -1.1272e+01  -1.4459e+01   3.5803e-01   2.1355e-15  -5.4531e-16  -1.2511e+01   1.2420e+01   7.1416e-16   3.2495e-16  -9.0357e-01
   1.1308e+01   3.5803e-01  -4.3922e+00   2.3135e-15  -5.2343e-17  -1.2420e+01   8.8496e+00   1.1978e-15   9.4094e-16  -1.2625e+00
  -6.9058e-17   2.1355e-15   2.3135e-15  -4.8908e+00  -9.4365e-16  -1.1362e-16   3.1496e-16  -1.1732e+01  -1.2183e-15  -3.0167e-16
  -3.6747e-16  -5.4531e-16  -5.2343e-17  -9.4365e-16  -4.8908e+00  -4.5565e-16  -2.3554e-17   1.2183e-15  -1.1732e+01   1.5673e-16
  -9.0357e-01  -1.2511e+01  -1.2420e+01  -1.1362e-16  -4.5565e-16  -1.4459e+01  -3.5803e-01  -4.0799e-16   1.5898e-16  -1.1272e+01
   1.2625e+00   1.2420e+01   8.8496e+00   3.1496e-16  -2.3554e-17  -3.5803e-01  -4.3922e+00   1.6708e-15  -1.7136e-15  -1.1308e+01
  -1.0513e-16   7.1416e-16   1.1978e-15  -1.1732e+01   1.2183e-15  -4.0799e-16   1.6708e-15  -4.8908e+00   4.7182e-16  -6.3994e-17
  -4.0691e-16   3.2495e-16   9.4094e-16  -1.2183e-15  -1.1732e+01   1.5898e-16  -1.7136e-15   4.7182e-16  -4.8908e+00  -2.6131e-16
  -2.4824e-01  -9.0357e-01  -1.2625e+00  -3.0167e-16   1.5673e-16  -1.1272e+01  -1.1308e+01  -6.3994e-17  -2.6131e-16  -6.9398e+00
after solving eigen equation: 5
Ca
  -1.7902e-01  -4.5949e-01  -4.7131e-01   4.0419e-16   5.1174e-16  -5.0445e-01  -9.0379e-16  -6.7828e-16   4.9580e-01  -1.8548e-01
  -6.3174e-01  -3.9755e-01  -8.2675e-02  -1.3878e-17   2.7409e-16   4.8321e-01   8.6216e-16   9.8532e-16  -3.0670e-01  -3.2933e-01
  -2.6239e-01   3.6169e-01   5.2061e-01  -1.3878e-16  -5.4123e-16  -1.0972e-01  -6.7654e-17   1.8041e-16   4.0014e-01  -5.9761e-01
   1.3465e-16  -1.4310e-16  -7.1387e-16  -2.0407e-01  -6.7702e-01   1.5821e-15  -6.9917e-01   1.0567e-01   4.8323e-16   7.0161e-17
  -4.7837e-17   1.2175e-17  -4.0445e-17   6.7702e-01  -2.0407e-01   1.7520e-15  -1.0567e-01  -6.9917e-01   6.1116e-16  -2.2180e-16
  -6.3174e-01   3.9755e-01  -8.2675e-02  -5.5511e-17  -1.6653e-16  -4.8321e-01  -1.4294e-15  -1.3323e-15  -3.0670e-01   3.2933e-01
   2.6239e-01   3.6169e-01  -5.2061e-01   2.2204e-16   4.7184e-16  -1.0972e-01  -6.5226e-16  -3.3307e-16  -4.0014e-01  -5.9761e-01
   2.2078e-16  -3.1706e-16  -7.7874e-16  -2.0407e-01  -6.7702e-01  -1.4172e-15   6.9917e-01  -1.0567e-01  -5.1538e-16  -1.6756e-16
   5.5511e-17   1.1102e-16   5.5511e-17   6.7702e-01  -2.0407e-01  -1.7208e-15   1.0567e-01   6.9917e-01  -5.5511e-16   3.3307e-16
  -1.7902e-01   4.5949e-01  -4.7131e-01  -1.4277e-17   3.7669e-16   5.0445e-01   1.7046e-15   1.3875e-15   4.9580e-01   1.8548e-01
Cb
  -1.7902e-01  -4.5949e-01  -4.7131e-01   4.0419e-16   5.1174e-16  -5.0445e-01  -9.0379e-16  -6.7828e-16   4.9580e-01  -1.8548e-01
  -6.3174e-01  -3.9755e-01  -8.2675e-02  -1.3878e-17   2.7409e-16   4.8321e-01   8.6216e-16   9.8532e-16  -3.0670e-01  -3.2933e-01
  -2.6239e-01   3.6169e-01   5.2061e-01  -1.3878e-16  -5.4123e-16  -1.0972e-01  -6.7654e-17   1.8041e-16   4.0014e-01  -5.9761e-01
   1.3465e-16  -1.4310e-16  -7.1387e-16  -2.0407e-01  -6.7702e-01   1.5821e-15  -6.9917e-01   1.0567e-01   4.8323e-16   7.0161e-17
  -4.7837e-17   1.2175e-17  -4.0445e-17   6.7702e-01  -2.0407e-01   1.7520e-15  -1.0567e-01  -6.9917e-01   6.1116e-16  -2.2180e-16
  -6.3174e-01   3.9755e-01  -8.2675e-02  -5.5511e-17  -1.6653e-16  -4.8321e-01  -1.4294e-15  -1.3323e-15  -3.0670e-01   3.2933e-01
   2.6239e-01   3.6169e-01  -5.2061e-01   2.2204e-16   4.7184e-16  -1.0972e-01  -6.5226e-16  -3.3307e-16  -4.0014e-01  -5.9761e-01
   2.2078e-16  -3.1706e-16  -7.7874e-16  -2.0407e-01  -6.7702e-01  -1.4172e-15   6.9917e-01  -1.0567e-01  -5.1538e-16  -1.6756e-16
   5.5511e-17   1.1102e-16   5.5511e-17   6.7702e-01  -2.0407e-01  -1.7208e-15   1.0567e-01   6.9917e-01  -5.5511e-16   3.3307e-16
  -1.7902e-01   4.5949e-01  -4.7131e-01  -1.4277e-17   3.7669e-16   5.0445e-01   1.7046e-15   1.3875e-15   4.9580e-01   1.8548e-01
 p =  5 q =  5
Pa_new
   4.6531e-01   3.3473e-01  -3.6459e-01  -5.0840e-17   1.9125e-16  -3.0609e-02   3.2198e-02   4.4242e-17   8.2101e-17   4.3048e-02
   3.3473e-01   5.6398e-01  -2.1069e-02  -1.5188e-16  -3.6603e-17   2.4789e-01  -2.6651e-01  -1.3177e-16  -1.4912e-16  -3.0609e-02
  -3.6459e-01  -2.1069e-02   4.7071e-01  -6.3994e-17   1.2392e-17   2.6651e-01  -2.0906e-01  -1.8328e-16   7.0983e-17  -3.2198e-02
  -5.0840e-17  -1.5188e-16  -6.3994e-17   5.0000e-01  -8.3267e-17   4.1141e-17  -9.5401e-18   5.0000e-01  -1.3878e-16  -5.5196e-18
   1.9125e-16  -3.6603e-17   1.2392e-17  -8.3267e-17   5.0000e-01   3.4807e-17   6.6948e-17   1.1102e-16   5.0000e-01  -5.3315e-17
  -3.0609e-02   2.4789e-01   2.6651e-01   4.1141e-17   3.4807e-17   5.6398e-01   2.1069e-02  -7.7066e-17   8.8081e-19   3.3473e-01
   3.2198e-02  -2.6651e-01  -2.0906e-01  -9.5401e-18   6.6948e-17   2.1069e-02   4.7071e-01  -1.6091e-17   7.9862e-17   3.6459e-01
   4.4242e-17  -1.3177e-16  -1.8328e-16   5.0000e-01   1.1102e-16  -7.7066e-17  -1.6091e-17   5.0000e-01   5.5511e-17  -7.0301e-17
   8.2101e-17  -1.4912e-16   7.0983e-17  -1.3878e-16   5.0000e-01   8.8081e-19   7.9862e-17   5.5511e-17   5.0000e-01  -7.1623e-17
   4.3048e-02  -3.0609e-02  -3.2198e-02  -5.5196e-18  -5.3315e-17   3.3473e-01   3.6459e-01  -7.0301e-17  -7.1623e-17   4.6531e-01
Pb_new
   4.6531e-01   3.3473e-01  -3.6459e-01  -5.0840e-17   1.9125e-16  -3.0609e-02   3.2198e-02   4.4242e-17   8.2101e-17   4.3048e-02
   3.3473e-01   5.6398e-01  -2.1069e-02  -1.5188e-16  -3.6603e-17   2.4789e-01  -2.6651e-01  -1.3177e-16  -1.4912e-16  -3.0609e-02
  -3.6459e-01  -2.1069e-02   4.7071e-01  -6.3994e-17   1.2392e-17   2.6651e-01  -2.0906e-01  -1.8328e-16   7.0983e-17  -3.2198e-02
  -5.0840e-17  -1.5188e-16  -6.3994e-17   5.0000e-01  -8.3267e-17   4.1141e-17  -9.5401e-18   5.0000e-01  -1.3878e-16  -5.5196e-18
   1.9125e-16  -3.6603e-17   1.2392e-17  -8.3267e-17   5.0000e-01   3.4807e-17   6.6948e-17   1.1102e-16   5.0000e-01  -5.3315e-17
  -3.0609e-02   2.4789e-01   2.6651e-01   4.1141e-17   3.4807e-17   5.6398e-01   2.1069e-02  -7.7066e-17   8.8081e-19   3.3473e-01
   3.2198e-02  -2.6651e-01  -2.0906e-01  -9.5401e-18   6.6948e-17   2.1069e-02   4.7071e-01  -1.6091e-17   7.9862e-17   3.6459e-01
   4.4242e-17  -1.3177e-16  -1.8328e-16   5.0000e-01   1.1102e-16  -7.7066e-17  -1.6091e-17   5.0000e-01   5.5511e-17  -7.0301e-17
   8.2101e-17  -1.4912e-16   7.0983e-17  -1.3878e-16   5.0000e-01   8.8081e-19   7.9862e-17   5.5511e-17   5.0000e-01  -7.1623e-17
   4.3048e-02  -3.0609e-02  -3.2198e-02  -5.5196e-18  -5.3315e-17   3.3473e-01   3.6459e-01  -7.0301e-17  -7.1623e-17   4.6531e-01
P_t
   0.9306
   4.0694
   4.0694
   0.9306
Ga
   8.7650e+01  -3.9956e+00   4.3519e+00   6.0686e-16  -2.2828e-15   1.9058e-01  -2.0048e-01  -2.7547e-16  -5.1120e-16  -1.8178e-01
  -3.9956e+00   1.2115e+02   3.5815e-01   2.5818e-15   6.2223e-16  -2.7202e+00   2.9246e+00   1.4460e-15   1.6364e-15   1.9058e-01
   4.3519e+00   3.5815e-01   1.2273e+02   1.0879e-15  -2.1066e-16  -2.9246e+00   2.2942e+00   2.0113e-15  -7.7894e-16   2.0048e-01
   6.0686e-16   2.5818e-15   1.0879e-15   1.2224e+02   1.4155e-15  -4.5147e-16   1.0469e-16  -5.4868e+00   1.5229e-15   3.4368e-17
  -2.2828e-15   6.2223e-16  -2.1066e-16   1.4155e-15   1.2224e+02  -3.8196e-16  -7.3467e-16  -1.2183e-15  -5.4868e+00   3.3197e-16
   1.9058e-01  -2.7202e+00  -2.9246e+00  -4.5147e-16  -3.8196e-16   1.2115e+02  -3.5815e-01   1.3101e-15  -1.4973e-17  -3.9956e+00
  -2.0048e-01   2.9246e+00   2.2942e+00   1.0469e-16  -7.3467e-16  -3.5815e-01   1.2273e+02   2.7354e-16  -1.3576e-15  -4.3519e+00
  -2.7547e-16   1.4460e-15   2.0113e-15  -5.4868e+00  -1.2183e-15   1.3101e-15   2.7354e-16   1.2224e+02  -9.4365e-16   8.3915e-16
  -5.1120e-16   1.6364e-15  -7.7894e-16   1.5229e-15  -5.4868e+00  -1.4973e-17  -1.3576e-15  -9.4365e-16   1.2224e+02   8.5493e-16
  -1.8178e-01   1.9058e-01   2.0048e-01   3.4368e-17   3.3197e-16  -3.9956e+00  -4.3519e+00   8.3915e-16   8.5493e-16   8.7650e+01
Gb
   8.7650e+01  -3.9956e+00   4.3519e+00   6.0686e-16  -2.2828e-15   1.9058e-01  -2.0048e-01  -2.7547e-16  -5.1120e-16  -1.8178e-01
  -3.9956e+00   1.2115e+02   3.5815e-01   2.5818e-15   6.2223e-16  -2.7202e+00   2.9246e+00   1.4460e-15   1.6364e-15   1.9058e-01
   4.3519e+00   3.5815e-01   1.2273e+02   1.0879e-15  -2.1066e-16  -2.9246e+00   2.2942e+00   2.0113e-15  -7.7894e-16   2.0048e-01
   6.0686e-16   2.5818e-15   1.0879e-15   1.2224e+02   1.4155e-15  -4.5147e-16   1.0469e-16  -5.4868e+00   1.5229e-15   3.4368e-17
  -2.2828e-15   6.2223e-16  -2.1066e-16   1.4155e-15   1.2224e+02  -3.8196e-16  -7.3467e-16  -1.2183e-15  -5.4868e+00   3.3197e-16
   1.9058e-01  -2.7202e+00  -2.9246e+00  -4.5147e-16  -3.8196e-16   1.2115e+02  -3.5815e-01   1.3101e-15  -1.4973e-17  -3.9956e+00
  -2.0048e-01   2.9246e+00   2.2942e+00   1.0469e-16  -7.3467e-16  -3.5815e-01   1.2273e+02   2.7354e-16  -1.3576e-15  -4.3519e+00
  -2.7547e-16   1.4460e-15   2.0113e-15  -5.4868e+00  -1.2183e-15   1.3101e-15   2.7354e-16   1.2224e+02  -9.4365e-16   8.3915e-16
  -5.1120e-16   1.6364e-15  -7.7894e-16   1.5229e-15  -5.4868e+00  -1.4973e-17  -1.3576e-15  -9.4365e-16   1.2224e+02   8.5493e-16
  -1.8178e-01   1.9058e-01   2.0048e-01   3.4368e-17   3.3197e-16  -3.9956e+00  -4.3519e+00   8.3915e-16   8.5493e-16   8.7650e+01
Iteration: 6
Fa
  -6.9400e+00  -1.1271e+01   1.1309e+01   6.0686e-16  -2.2828e-15  -9.0370e-01   1.2627e+00  -2.7547e-16  -5.1120e-16  -2.4836e-01
  -1.1271e+01  -1.4458e+01   3.5815e-01   2.5818e-15   6.2223e-16  -1.2512e+01   1.2421e+01   1.4460e-15   1.6364e-15  -9.0370e-01
   1.1309e+01   3.5815e-01  -4.3934e+00   1.0879e-15  -2.1066e-16  -1.2421e+01   8.8477e+00   2.0113e-15  -7.7894e-16  -1.2627e+00
   6.0686e-16   2.5818e-15   1.0879e-15  -4.8914e+00   1.4155e-15  -4.5147e-16   1.0469e-16  -1.1732e+01   1.5229e-15   3.4368e-17
  -2.2828e-15   6.2223e-16  -2.1066e-16   1.4155e-15  -4.8914e+00  -3.8196e-16  -7.3467e-16  -1.2183e-15  -1.1732e+01   3.3197e-16
  -9.0370e-01  -1.2512e+01  -1.2421e+01  -4.5147e-16  -3.8196e-16  -1.4458e+01  -3.5815e-01   1.3101e-15  -1.4973e-17  -1.1271e+01
   1.2627e+00   1.2421e+01   8.8477e+00   1.0469e-16  -7.3467e-16  -3.5815e-01  -4.3934e+00   2.7354e-16  -1.3576e-15  -1.1309e+01
  -2.7547e-16   1.4460e-15   2.0113e-15  -1.1732e+01  -1.2183e-15   1.3101e-15   2.7354e-16  -4.8914e+00  -9.4365e-16   8.3915e-16
  -5.1120e-16   1.6364e-15  -7.7894e-16   1.5229e-15  -1.1732e+01  -1.4973e-17  -1.3576e-15  -9.4365e-16  -4.8914e+00   8.5493e-16
  -2.4836e-01  -9.0370e-01  -1.2627e+00   3.4368e-17   3.3197e-16  -1.1271e+01  -1.1309e+01   8.3915e-16   8.5493e-16  -6.9400e+00
Fb
  -6.9400e+00  -1.1271e+01   1.1309e+01   6.0686e-16  -2.2828e-15  -9.0370e-01   1.2627e+00  -2.7547e-16  -5.1120e-16  -2.4836e-01
  -1.1271e+01  -1.4458e+01   3.5815e-01   2.5818e-15   6.2223e-16  -1.2512e+01   1.2421e+01   1.4460e-15   1.6364e-15  -9.0370e-01
   1.1309e+01   3.5815e-01  -4.3934e+00   1.0879e-15  -2.1066e-16  -1.2421e+01   8.8477e+00   2.0113e-15  -7.7894e-16  -1.2627e+00
   6.0686e-16   2.5818e-15   1.0879e-15  -4.8914e+00   1.4155e-15  -4.5147e-16   1.0469e-16  -1.1732e+01   1.5229e-15   3.4368e-17
  -2.2828e-15   6.2223e-16  -2.1066e-16   1.4155e-15  -4.8914e+00  -3.8196e-16  -7.3467e-16  -1.2183e-15  -1.1732e+01   3.3197e-16
  -9.0370e-01  -1.2512e+01  -1.2421e+01  -4.5147e-16  -3.8196e-16  -1.4458e+01  -3.5815e-01   1.3101e-15  -1.4973e-17  -1.1271e+01
   1.2627e+00   1.2421e+01   8.8477e+00   1.0469e-16  -7.3467e-16  -3.5815e-01  -4.3934e+00   2.7354e-16  -1.3576e-15  -1.1309e+01
  -2.7547e-16   1.4460e-15   2.0113e-15  -1.1732e+01  -1.2183e-15   1.3101e-15   2.7354e-16  -4.8914e+00  -9.4365e-16   8.3915e-16
  -5.1120e-16   1.6364e-15  -7.7894e-16   1.5229e-15  -1.1732e+01  -1.4973e-17  -1.3576e-15  -9.4365e-16  -4.8914e+00   8.5493e-16
  -2.4836e-01  -9.0370e-01  -1.2627e+00   3.4368e-17   3.3197e-16  -1.1271e+01  -1.1309e+01   8.3915e-16   8.5493e-16  -6.9400e+00
after solving eigen equation: 6
Ca
  -1.7900e-01  -4.5949e-01  -4.7132e-01  -1.8215e-16   1.8930e-16  -5.0444e-01  -5.0654e-16  -6.2407e-16  -4.9580e-01  -1.8551e-01
  -6.3175e-01  -3.9751e-01  -8.2684e-02   4.1633e-17   1.0148e-16   4.8322e-01   5.6205e-16   5.2020e-16   3.0668e-01  -3.2937e-01
  -2.6239e-01   3.6173e-01   5.2060e-01  -2.6368e-16  -9.1940e-17  -1.0974e-01  -3.2613e-16  -2.5153e-16  -4.0016e-01  -5.9758e-01
  -1.2461e-17  -1.4107e-16  -1.4401e-16  -5.8918e-02  -7.0465e-01  -7.4556e-16   3.1131e-02   7.0642e-01  -1.2748e-16  -1.9303e-16
   4.2191e-17  -3.3438e-17  -2.7024e-16  -7.0465e-01   5.8918e-02   4.3864e-16  -7.0642e-01   3.1131e-02   2.6933e-16   4.9347e-17
  -6.3175e-01   3.9751e-01  -8.2684e-02  -1.6653e-16  -1.9429e-16  -4.8322e-01  -1.1102e-16  -4.2674e-16   3.0668e-01   3.2937e-01
   2.6239e-01   3.6173e-01  -5.2060e-01   2.2204e-16   1.2490e-16  -1.0974e-01   1.1102e-16  -1.9429e-16   4.0016e-01  -5.9758e-01
  -9.4397e-17  -2.4993e-16  -3.1235e-16  -5.8918e-02  -7.0465e-01   8.5391e-16  -3.1131e-02  -7.0642e-01   1.8329e-16   1.2453e-16
   5.5511e-17  -1.1102e-16  -3.3307e-16  -7.0465e-01   5.8918e-02  -3.8858e-16   7.0642e-01  -3.1131e-02  -1.6653e-16  -5.5511e-17
  -1.7900e-01   4.5949e-01  -4.7132e-01   1.9672e-16  -3.1085e-17   5.0444e-01   2.0337e-16   4.6256e-16  -4.9580e-01   1.8551e-01
Cb
  -1.7900e-01  -4.5949e-01  -4.7132e-01  -1.8215e-16   1.8930e-16  -5.0444e-01  -5.0654e-16  -6.2407e-16  -4.9580e-01  -1.8551e-01
  -6.3175e-01  -3.9751e-01  -8.2684e-02   4.1633e-17   1.0148e-16   4.8322e-01   5.6205e-16   5.2020e-16   3.0668e-01  -3.2937e-01
  -2.6239e-01   3.6173e-01   5.2060e-01  -2.6368e-16  -9.1940e-17  -1.0974e-01  -3.2613e-16  -2.5153e-16  -4.0016e-01  -5.9758e-01
  -1.2461e-17  -1.4107e-16  -1.4401e-16  -5.8918e-02  -7.0465e-01  -7.4556e-16   3.1131e-02   7.0642e-01  -1.2748e-16  -1.9303e-16
   4.2191e-17  -3.3438e-17  -2.7024e-16  -7.0465e-01   5.8918e-02   4.3864e-16  -7.0642e-01   3.1131e-02   2.6933e-16   4.9347e-17
  -6.3175e-01   3.9751e-01  -8.2684e-02  -1.6653e-16  -1.9429e-16  -4.8322e-01  -1.1102e-16  -4.2674e-16   3.0668e-01   3.2937e-01
   2.6239e-01   3.6173e-01  -5.2060e-01   2.2204e-16   1.2490e-16  -1.0974e-01   1.1102e-16  -1.9429e-16   4.0016e-01  -5.9758e-01
  -9.4397e-17  -2.4993e-16  -3.1235e-16  -5.8918e-02  -7.0465e-01   8.5391e-16  -3.1131e-02  -7.0642e-01   1.8329e-16   1.2453e-16
   5.5511e-17  -1.1102e-16  -3.3307e-16  -7.0465e-01   5.8918e-02  -3.8858e-16   7.0642e-01  -3.1131e-02  -1.6653e-16  -5.5511e-17
  -1.7900e-01   4.5949e-01  -4.7132e-01   1.9672e-16  -3.1085e-17   5.0444e-01   2.0337e-16   4.6256e-16  -4.9580e-01   1.8551e-01
 p =  5 q =  5
Pa_new
   4.6531e-01   3.3471e-01  -3.6461e-01   1.2266e-17   2.7468e-16  -3.0601e-02   3.2187e-02   1.5630e-16   3.3756e-16   4.3053e-02
   3.3471e-01   5.6396e-01  -2.1072e-02   1.8955e-18  -1.4376e-17   2.4793e-01  -2.6652e-01   1.1085e-16   1.3245e-17  -3.0601e-02
  -3.6461e-01  -2.1072e-02   4.7072e-01  -4.2410e-17   1.6533e-17   2.6652e-01  -2.0902e-01  -1.4793e-16  -4.7736e-17  -3.2187e-02
   1.2266e-17   1.8955e-18  -4.2410e-17   5.0000e-01   1.2490e-16   1.1042e-16  -8.0423e-17   5.0000e-01   2.7756e-16   1.5597e-17
   2.7468e-16  -1.4376e-17   1.6533e-17   1.2490e-16   5.0000e-01   8.8298e-17  -9.4456e-18   1.3878e-17   5.0000e-01  -3.5996e-17
  -3.0601e-02   2.4793e-01   2.6652e-01   1.1042e-16   8.8298e-17   5.6396e-01   2.1072e-02   1.3283e-16   5.4237e-17   3.3471e-01
   3.2187e-02  -2.6652e-01  -2.0902e-01  -8.0423e-17  -9.4456e-18   2.1072e-02   4.7072e-01  -5.3662e-17  -1.3062e-18   3.6461e-01
   1.5630e-16   1.1085e-16  -1.4793e-16   5.0000e-01   1.3878e-17   1.3283e-16  -5.3662e-17   5.0000e-01   1.8041e-16   5.9587e-17
   3.3756e-16   1.3245e-17  -4.7736e-17   2.7756e-16   5.0000e-01   5.4237e-17  -1.3062e-18   1.8041e-16   5.0000e-01  -4.4416e-17
   4.3053e-02  -3.0601e-02  -3.2187e-02   1.5597e-17  -3.5996e-17   3.3471e-01   3.6461e-01   5.9587e-17  -4.4416e-17   4.6531e-01
Pb_new
   4.6531e-01   3.3471e-01  -3.6461e-01   1.2266e-17   2.7468e-16  -3.0601e-02   3.2187e-02   1.5630e-16   3.3756e-16   4.3053e-02
   3.3471e-01   5.6396e-01  -2.1072e-02   1.8955e-18  -1.4376e-17   2.4793e-01  -2.6652e-01   1.1085e-16   1.3245e-17  -3.0601e-02
  -3.6461e-01  -2.1072e-02   4.7072e-01  -4.2410e-17   1.6533e-17   2.6652e-01  -2.0902e-01  -1.4793e-16  -4.7736e-17  -3.2187e-02
   1.2266e-17   1.8955e-18  -4.2410e-17   5.0000e-01   1.2490e-16   1.1042e-16  -8.0423e-17   5.0000e-01   2.7756e-16   1.5597e-17
   2.7468e-16  -1.4376e-17   1.6533e-17   1.2490e-16   5.0000e-01   8.8298e-17  -9.4456e-18   1.3878e-17   5.0000e-01  -3.5996e-17
  -3.0601e-02   2.4793e-01   2.6652e-01   1.1042e-16   8.8298e-17   5.6396e-01   2.1072e-02   1.3283e-16   5.4237e-17   3.3471e-01
   3.2187e-02  -2.6652e-01  -2.0902e-01  -8.0423e-17  -9.4456e-18   2.1072e-02   4.7072e-01  -5.3662e-17  -1.3062e-18   3.6461e-01
   1.5630e-16   1.1085e-16  -1.4793e-16   5.0000e-01   1.3878e-17   1.3283e-16  -5.3662e-17   5.0000e-01   1.8041e-16   5.9587e-17
   3.3756e-16   1.3245e-17  -4.7736e-17   2.7756e-16   5.0000e-01   5.4237e-17  -1.3062e-18   1.8041e-16   5.0000e-01  -4.4416e-17
   4.3053e-02  -3.0601e-02  -3.2187e-02   1.5597e-17  -3.5996e-17   3.3471e-01   3.6461e-01   5.9587e-17  -4.4416e-17   4.6531e-01
P_t
   0.9306
   4.0694
   4.0694
   0.9306
Ga
   8.7650e+01  -3.9952e+00   4.3522e+00  -1.4642e-16  -3.2788e-15   1.9054e-01  -2.0041e-01  -9.7319e-16  -2.1018e-15  -1.8180e-01
  -3.9952e+00   1.2115e+02   3.5821e-01  -3.2221e-17   2.4438e-16  -2.7207e+00   2.9247e+00  -1.2165e-15  -1.4535e-16   1.9054e-01
   4.3522e+00   3.5821e-01   1.2273e+02   7.2093e-16  -2.8105e-16  -2.9247e+00   2.2937e+00   1.6233e-15   5.2384e-16   2.0041e-01
  -1.4642e-16  -3.2221e-17   7.2093e-16   1.2224e+02  -2.1232e-15  -1.2117e-15   8.8254e-16  -5.4868e+00  -3.0458e-15  -9.7116e-17
  -3.2788e-15   2.4438e-16  -2.8105e-16  -2.1232e-15   1.2224e+02  -9.6895e-16   1.0365e-16  -1.5229e-16  -5.4868e+00   2.2413e-16
   1.9054e-01  -2.7207e+00  -2.9247e+00  -1.2117e-15  -9.6895e-16   1.2115e+02  -3.5821e-01  -2.2580e-15  -9.2199e-16  -3.9952e+00
  -2.0041e-01   2.9247e+00   2.2937e+00   8.8254e-16   1.0365e-16  -3.5821e-01   1.2273e+02   9.1222e-16   2.2205e-17  -4.3522e+00
  -9.7319e-16  -1.2165e-15   1.6233e-15  -5.4868e+00  -1.5229e-16  -2.2580e-15   9.1222e-16   1.2224e+02  -3.0668e-15  -7.1127e-16
  -2.1018e-15  -1.4535e-16   5.2384e-16  -3.0458e-15  -5.4868e+00  -9.2199e-16   2.2205e-17  -3.0668e-15   1.2224e+02   5.3018e-16
  -1.8180e-01   1.9054e-01   2.0041e-01  -9.7116e-17   2.2413e-16  -3.9952e+00  -4.3522e+00  -7.1127e-16   5.3018e-16   8.7650e+01
Gb
   8.7650e+01  -3.9952e+00   4.3522e+00  -1.4642e-16  -3.2788e-15   1.9054e-01  -2.0041e-01  -9.7319e-16  -2.1018e-15  -1.8180e-01
  -3.9952e+00   1.2115e+02   3.5821e-01  -3.2221e-17   2.4438e-16  -2.7207e+00   2.9247e+00  -1.2165e-15  -1.4535e-16   1.9054e-01
   4.3522e+00   3.5821e-01   1.2273e+02   7.2093e-16  -2.8105e-16  -2.9247e+00   2.2937e+00   1.6233e-15   5.2384e-16   2.0041e-01
  -1.4642e-16  -3.2221e-17   7.2093e-16   1.2224e+02  -2.1232e-15  -1.2117e-15   8.8254e-16  -5.4868e+00  -3.0458e-15  -9.7116e-17
  -3.2788e-15   2.4438e-16  -2.8105e-16  -2.1232e-15   1.2224e+02  -9.6895e-16   1.0365e-16  -1.5229e-16  -5.4868e+00   2.2413e-16
   1.9054e-01  -2.7207e+00  -2.9247e+00  -1.2117e-15  -9.6895e-16   1.2115e+02  -3.5821e-01  -2.2580e-15  -9.2199e-16  -3.9952e+00
  -2.0041e-01   2.9247e+00   2.2937e+00   8.8254e-16   1.0365e-16  -3.5821e-01   1.2273e+02   9.1222e-16   2.2205e-17  -4.3522e+00
  -9.7319e-16  -1.2165e-15   1.6233e-15  -5.4868e+00  -1.5229e-16  -2.2580e-15   9.1222e-16   1.2224e+02  -3.0668e-15  -7.1127e-16
  -2.1018e-15  -1.4535e-16   5.2384e-16  -3.0458e-15  -5.4868e+00  -9.2199e-16   2.2205e-17  -3.0668e-15   1.2224e+02   5.3018e-16
  -1.8180e-01   1.9054e-01   2.0041e-01  -9.7116e-17   2.2413e-16  -3.9952e+00  -4.3522e+00  -7.1127e-16   5.3018e-16   8.7650e+01
Iteration: 7
Fa
  -6.9400e+00  -1.1270e+01   1.1310e+01  -1.4642e-16  -3.2788e-15  -9.0375e-01   1.2628e+00  -9.7319e-16  -2.1018e-15  -2.4839e-01
  -1.1270e+01  -1.4458e+01   3.5821e-01  -3.2221e-17   2.4438e-16  -1.2513e+01   1.2421e+01  -1.2165e-15  -1.4535e-16  -9.0375e-01
   1.1310e+01   3.5821e-01  -4.3938e+00   7.2093e-16  -2.8105e-16  -1.2421e+01   8.8472e+00   1.6233e-15   5.2384e-16  -1.2628e+00
  -1.4642e-16  -3.2221e-17   7.2093e-16  -4.8915e+00  -2.1232e-15  -1.2117e-15   8.8254e-16  -1.1732e+01  -3.0458e-15  -9.7116e-17
  -3.2788e-15   2.4438e-16  -2.8105e-16  -2.1232e-15  -4.8915e+00  -9.6895e-16   1.0365e-16  -1.5229e-16  -1.1732e+01   2.2413e-16
  -9.0375e-01  -1.2513e+01  -1.2421e+01  -1.2117e-15  -9.6895e-16  -1.4458e+01  -3.5821e-01  -2.2580e-15  -9.2199e-16  -1.1270e+01
   1.2628e+00   1.2421e+01   8.8472e+00   8.8254e-16   1.0365e-16  -3.5821e-01  -4.3938e+00   9.1222e-16   2.2205e-17  -1.1310e+01
  -9.7319e-16  -1.2165e-15   1.6233e-15  -1.1732e+01  -1.5229e-16  -2.2580e-15   9.1222e-16  -4.8915e+00  -3.0668e-15  -7.1127e-16
  -2.1018e-15  -1.4535e-16   5.2384e-16  -3.0458e-15  -1.1732e+01  -9.2199e-16   2.2205e-17  -3.0668e-15  -4.8915e+00   5.3018e-16
  -2.4839e-01  -9.0375e-01  -1.2628e+00  -9.7116e-17   2.2413e-16  -1.1270e+01  -1.1310e+01  -7.1127e-16   5.3018e-16  -6.9400e+00
Fb
  -6.9400e+00  -1.1270e+01   1.1310e+01  -1.4642e-16  -3.2788e-15  -9.0375e-01   1.2628e+00  -9.7319e-16  -2.1018e-15  -2.4839e-01
  -1.1270e+01  -1.4458e+01   3.5821e-01  -3.2221e-17   2.4438e-16  -1.2513e+01   1.2421e+01  -1.2165e-15  -1.4535e-16  -9.0375e-01
   1.1310e+01   3.5821e-01  -4.3938e+00   7.2093e-16  -2.8105e-16  -1.2421e+01   8.8472e+00   1.6233e-15   5.2384e-16  -1.2628e+00
  -1.4642e-16  -3.2221e-17   7.2093e-16  -4.8915e+00  -2.1232e-15  -1.2117e-15   8.8254e-16  -1.1732e+01  -3.0458e-15  -9.7116e-17
  -3.2788e-15   2.4438e-16  -2.8105e-16  -2.1232e-15  -4.8915e+00  -9.6895e-16   1.0365e-16  -1.5229e-16  -1.1732e+01   2.2413e-16
  -9.0375e-01  -1.2513e+01  -1.2421e+01  -1.2117e-15  -9.6895e-16  -1.4458e+01  -3.5821e-01  -2.2580e-15  -9.2199e-16  -1.1270e+01
   1.2628e+00   1.2421e+01   8.8472e+00   8.8254e-16   1.0365e-16  -3.5821e-01  -4.3938e+00   9.1222e-16   2.2205e-17  -1.1310e+01
  -9.7319e-16  -1.2165e-15   1.6233e-15  -1.1732e+01  -1.5229e-16  -2.2580e-15   9.1222e-16  -4.8915e+00  -3.0668e-15  -7.1127e-16
  -2.1018e-15  -1.4535e-16   5.2384e-16  -3.0458e-15  -1.1732e+01  -9.2199e-16   2.2205e-17  -3.0668e-15  -4.8915e+00   5.3018e-16
  -2.4839e-01  -9.0375e-01  -1.2628e+00  -9.7116e-17   2.2413e-16  -1.1270e+01  -1.1310e+01  -7.1127e-16   5.3018e-16  -6.9400e+00
after solving eigen equation: 7
Ca
  -1.7899e-01  -4.5949e-01  -4.7133e-01  -6.0715e-17  -1.2837e-16   5.0443e-01   1.3010e-16  -2.6108e-16  -4.9580e-01  -1.8551e-01
  -6.3175e-01  -3.9750e-01  -8.2686e-02  -3.9552e-16   2.7495e-16  -4.8322e-01  -4.3715e-16  -9.7145e-17   3.0668e-01  -3.2938e-01
  -2.6239e-01   3.6175e-01   5.2059e-01  -1.1796e-16   1.8908e-16   1.0975e-01  -4.7184e-16  -6.4532e-16  -4.0017e-01  -5.9757e-01
  -6.6692e-17   1.4913e-17  -2.2790e-19  -9.5466e-02  -7.0063e-01  -4.4766e-16  -3.0223e-01   6.3926e-01  -6.3872e-16  -1.6681e-16
  -1.1229e-16  -7.1003e-17  -6.8124e-17   7.0063e-01  -9.5466e-02   9.1131e-16  -6.3926e-01  -3.0223e-01   1.1575e-15   1.2792e-16
  -6.3175e-01   3.9750e-01  -8.2686e-02   5.5511e-17   1.3878e-17   4.8322e-01   7.7716e-16   1.0270e-15   3.0668e-01   3.2938e-01
   2.6239e-01   3.6175e-01  -5.2059e-01   5.5511e-17   2.7756e-17   1.0975e-01   3.3307e-16   6.6613e-16   4.0017e-01  -5.9757e-01
  -1.2511e-16   9.3028e-17   3.7954e-17  -9.5466e-02  -7.0063e-01   3.7882e-16   3.0223e-01  -6.3926e-01   7.2885e-16   2.1059e-16
  -1.1102e-16  -1.1102e-16            0   7.0063e-01  -9.5466e-02  -1.0547e-15   6.3926e-01   3.0223e-01  -1.0547e-15  -2.2204e-16
  -1.7899e-01   4.5949e-01  -4.7133e-01  -3.3403e-17   3.9997e-17  -5.0443e-01  -9.5790e-16  -1.2438e-15  -4.9580e-01   1.8551e-01
Cb
  -1.7899e-01  -4.5949e-01  -4.7133e-01  -6.0715e-17  -1.2837e-16   5.0443e-01   1.3010e-16  -2.6108e-16  -4.9580e-01  -1.8551e-01
  -6.3175e-01  -3.9750e-01  -8.2686e-02  -3.9552e-16   2.7495e-16  -4.8322e-01  -4.3715e-16  -9.7145e-17   3.0668e-01  -3.2938e-01
  -2.6239e-01   3.6175e-01   5.2059e-01  -1.1796e-16   1.8908e-16   1.0975e-01  -4.7184e-16  -6.4532e-16  -4.0017e-01  -5.9757e-01
  -6.6692e-17   1.4913e-17  -2.2790e-19  -9.5466e-02  -7.0063e-01  -4.4766e-16  -3.0223e-01   6.3926e-01  -6.3872e-16  -1.6681e-16
  -1.1229e-16  -7.1003e-17  -6.8124e-17   7.0063e-01  -9.5466e-02   9.1131e-16  -6.3926e-01  -3.0223e-01   1.1575e-15   1.2792e-16
  -6.3175e-01   3.9750e-01  -8.2686e-02   5.5511e-17   1.3878e-17   4.8322e-01   7.7716e-16   1.0270e-15   3.0668e-01   3.2938e-01
   2.6239e-01   3.6175e-01  -5.2059e-01   5.5511e-17   2.7756e-17   1.0975e-01   3.3307e-16   6.6613e-16   4.0017e-01  -5.9757e-01
  -1.2511e-16   9.3028e-17   3.7954e-17  -9.5466e-02  -7.0063e-01   3.7882e-16   3.0223e-01  -6.3926e-01   7.2885e-16   2.1059e-16
  -1.1102e-16  -1.1102e-16            0   7.0063e-01  -9.5466e-02  -1.0547e-15   6.3926e-01   3.0223e-01  -1.0547e-15  -2.2204e-16
  -1.7899e-01   4.5949e-01  -4.7133e-01  -3.3403e-17   3.9997e-17  -5.0443e-01  -9.5790e-16  -1.2438e-15  -4.9580e-01   1.8551e-01
 p =  5 q =  5
Pa_new
   4.6532e-01   3.3470e-01  -3.6462e-01   1.0093e-16   5.4549e-17  -3.0599e-02   3.2183e-02   5.7496e-17   4.0601e-17   4.3054e-02
   3.3470e-01   5.6396e-01  -2.1073e-02  -1.1866e-16  -1.9856e-16   2.4794e-01  -2.6652e-01  -1.1596e-16  -1.8909e-16  -3.0599e-02
  -3.6462e-01  -2.1073e-02   4.7073e-01  -9.8442e-17  -1.3238e-16   2.6652e-01  -2.0900e-01  -3.4978e-17  -1.1173e-16  -3.2183e-02
   1.0093e-16  -1.1866e-16  -9.8442e-17   5.0000e-01  -1.1102e-16   3.3057e-17  -3.6732e-17   5.0000e-01  -2.2204e-16  -5.9375e-18
   5.4549e-17  -1.9856e-16  -1.3238e-16  -1.1102e-16   5.0000e-01   8.5919e-17   1.6558e-17   1.3878e-17   5.0000e-01  -7.6384e-18
  -3.0599e-02   2.4794e-01   2.6652e-01   3.3057e-17   8.5919e-17   5.6396e-01   2.1073e-02   9.7858e-17   6.3575e-17   3.3470e-01
   3.2183e-02  -2.6652e-01  -2.0900e-01  -3.6732e-17   1.6558e-17   2.1073e-02   4.7073e-01  -4.3681e-17  -3.3050e-17   3.6462e-01
   5.7496e-17  -1.1596e-16  -3.4978e-17   5.0000e-01   1.3878e-17   9.7858e-17  -4.3681e-17   5.0000e-01  -1.1102e-16   2.2416e-17
   4.0601e-17  -1.8909e-16  -1.1173e-16  -2.2204e-16   5.0000e-01   6.3575e-17  -3.3050e-17  -1.1102e-16   5.0000e-01  -5.8363e-17
   4.3054e-02  -3.0599e-02  -3.2183e-02  -5.9375e-18  -7.6384e-18   3.3470e-01   3.6462e-01   2.2416e-17  -5.8363e-17   4.6532e-01
Pb_new
   4.6532e-01   3.3470e-01  -3.6462e-01   1.0093e-16   5.4549e-17  -3.0599e-02   3.2183e-02   5.7496e-17   4.0601e-17   4.3054e-02
   3.3470e-01   5.6396e-01  -2.1073e-02  -1.1866e-16  -1.9856e-16   2.4794e-01  -2.6652e-01  -1.1596e-16  -1.8909e-16  -3.0599e-02
  -3.6462e-01  -2.1073e-02   4.7073e-01  -9.8442e-17  -1.3238e-16   2.6652e-01  -2.0900e-01  -3.4978e-17  -1.1173e-16  -3.2183e-02
   1.0093e-16  -1.1866e-16  -9.8442e-17   5.0000e-01  -1.1102e-16   3.3057e-17  -3.6732e-17   5.0000e-01  -2.2204e-16  -5.9375e-18
   5.4549e-17  -1.9856e-16  -1.3238e-16  -1.1102e-16   5.0000e-01   8.5919e-17   1.6558e-17   1.3878e-17   5.0000e-01  -7.6384e-18
  -3.0599e-02   2.4794e-01   2.6652e-01   3.3057e-17   8.5919e-17   5.6396e-01   2.1073e-02   9.7858e-17   6.3575e-17   3.3470e-01
   3.2183e-02  -2.6652e-01  -2.0900e-01  -3.6732e-17   1.6558e-17   2.1073e-02   4.7073e-01  -4.3681e-17  -3.3050e-17   3.6462e-01
   5.7496e-17  -1.1596e-16  -3.4978e-17   5.0000e-01   1.3878e-17   9.7858e-17  -4.3681e-17   5.0000e-01  -1.1102e-16   2.2416e-17
   4.0601e-17  -1.8909e-16  -1.1173e-16  -2.2204e-16   5.0000e-01   6.3575e-17  -3.3050e-17  -1.1102e-16   5.0000e-01  -5.8363e-17
   4.3054e-02  -3.0599e-02  -3.2183e-02  -5.9375e-18  -7.6384e-18   3.3470e-01   3.6462e-01   2.2416e-17  -5.8363e-17   4.6532e-01
P_t
   0.9306
   4.0694
   4.0694
   0.9306
Ga
   8.7650e+01  -3.9951e+00   4.3523e+00  -1.2047e-15  -6.5113e-16   1.9052e-01  -2.0039e-01  -3.5800e-16  -2.5280e-16  -1.8180e-01
  -3.9951e+00   1.2115e+02   3.5822e-01   2.0171e-15   3.3754e-15  -2.7208e+00   2.9247e+00   1.2725e-15   2.0750e-15   1.9052e-01
   4.3523e+00   3.5822e-01   1.2273e+02   1.6734e-15   2.2504e-15  -2.9247e+00   2.2935e+00   3.8384e-16   1.2261e-15   2.0039e-01
  -1.2047e-15   2.0171e-15   1.6734e-15   1.2224e+02   1.8873e-15  -3.6275e-16   4.0308e-16  -5.4868e+00   2.4366e-15   3.6970e-17
  -6.5113e-16   3.3754e-15   2.2504e-15   1.8873e-15   1.2224e+02  -9.4285e-16  -1.8170e-16  -1.5229e-16  -5.4868e+00   4.7561e-17
   1.9052e-01  -2.7208e+00  -2.9247e+00  -3.6275e-16  -9.4285e-16   1.2115e+02  -3.5822e-01  -1.6635e-15  -1.0807e-15  -3.9951e+00
  -2.0039e-01   2.9247e+00   2.2935e+00   4.0308e-16  -1.8170e-16  -3.5822e-01   1.2273e+02   7.4253e-16   5.6183e-16  -4.3523e+00
  -3.5800e-16   1.2725e-15   3.8384e-16  -5.4868e+00  -1.5229e-16  -1.6635e-15   7.4253e-16   1.2224e+02   1.8873e-15  -2.6758e-16
  -2.5280e-16   2.0750e-15   1.2261e-15   2.4366e-15  -5.4868e+00  -1.0807e-15   5.6183e-16   1.8873e-15   1.2224e+02   6.9666e-16
  -1.8180e-01   1.9052e-01   2.0039e-01   3.6970e-17   4.7561e-17  -3.9951e+00  -4.3523e+00  -2.6758e-16   6.9666e-16   8.7650e+01
Gb
   8.7650e+01  -3.9951e+00   4.3523e+00  -1.2047e-15  -6.5113e-16   1.9052e-01  -2.0039e-01  -3.5800e-16  -2.5280e-16  -1.8180e-01
  -3.9951e+00   1.2115e+02   3.5822e-01   2.0171e-15   3.3754e-15  -2.7208e+00   2.9247e+00   1.2725e-15   2.0750e-15   1.9052e-01
   4.3523e+00   3.5822e-01   1.2273e+02   1.6734e-15   2.2504e-15  -2.9247e+00   2.2935e+00   3.8384e-16   1.2261e-15   2.0039e-01
  -1.2047e-15   2.0171e-15   1.6734e-15   1.2224e+02   1.8873e-15  -3.6275e-16   4.0308e-16  -5.4868e+00   2.4366e-15   3.6970e-17
  -6.5113e-16   3.3754e-15   2.2504e-15   1.8873e-15   1.2224e+02  -9.4285e-16  -1.8170e-16  -1.5229e-16  -5.4868e+00   4.7561e-17
   1.9052e-01  -2.7208e+00  -2.9247e+00  -3.6275e-16  -9.4285e-16   1.2115e+02  -3.5822e-01  -1.6635e-15  -1.0807e-15  -3.9951e+00
  -2.0039e-01   2.9247e+00   2.2935e+00   4.0308e-16  -1.8170e-16  -3.5822e-01   1.2273e+02   7.4253e-16   5.6183e-16  -4.3523e+00
  -3.5800e-16   1.2725e-15   3.8384e-16  -5.4868e+00  -1.5229e-16  -1.6635e-15   7.4253e-16   1.2224e+02   1.8873e-15  -2.6758e-16
  -2.5280e-16   2.0750e-15   1.2261e-15   2.4366e-15  -5.4868e+00  -1.0807e-15   5.6183e-16   1.8873e-15   1.2224e+02   6.9666e-16
  -1.8180e-01   1.9052e-01   2.0039e-01   3.6970e-17   4.7561e-17  -3.9951e+00  -4.3523e+00  -2.6758e-16   6.9666e-16   8.7650e+01
Iteration: 8
Fa
  -6.9401e+00  -1.1270e+01   1.1310e+01  -1.2047e-15  -6.5113e-16  -9.0376e-01   1.2628e+00  -3.5800e-16  -2.5280e-16  -2.4839e-01
  -1.1270e+01  -1.4458e+01   3.5822e-01   2.0171e-15   3.3754e-15  -1.2513e+01   1.2421e+01   1.2725e-15   2.0750e-15  -9.0376e-01
   1.1310e+01   3.5822e-01  -4.3939e+00   1.6734e-15   2.2504e-15  -1.2421e+01   8.8471e+00   3.8384e-16   1.2261e-15  -1.2628e+00
  -1.2047e-15   2.0171e-15   1.6734e-15  -4.8915e+00   1.8873e-15  -3.6275e-16   4.0308e-16  -1.1732e+01   2.4366e-15   3.6970e-17
  -6.5113e-16   3.3754e-15   2.2504e-15   1.8873e-15  -4.8915e+00  -9.4285e-16  -1.8170e-16  -1.5229e-16  -1.1732e+01   4.7561e-17
  -9.0376e-01  -1.2513e+01  -1.2421e+01  -3.6275e-16  -9.4285e-16  -1.4458e+01  -3.5822e-01  -1.6635e-15  -1.0807e-15  -1.1270e+01
   1.2628e+00   1.2421e+01   8.8471e+00   4.0308e-16  -1.8170e-16  -3.5822e-01  -4.3939e+00   7.4253e-16   5.6183e-16  -1.1310e+01
  -3.5800e-16   1.2725e-15   3.8384e-16  -1.1732e+01  -1.5229e-16  -1.6635e-15   7.4253e-16  -4.8915e+00   1.8873e-15  -2.6758e-16
  -2.5280e-16   2.0750e-15   1.2261e-15   2.4366e-15  -1.1732e+01  -1.0807e-15   5.6183e-16   1.8873e-15  -4.8915e+00   6.9666e-16
  -2.4839e-01  -9.0376e-01  -1.2628e+00   3.6970e-17   4.7561e-17  -1.1270e+01  -1.1310e+01  -2.6758e-16   6.9666e-16  -6.9401e+00
Fb
  -6.9401e+00  -1.1270e+01   1.1310e+01  -1.2047e-15  -6.5113e-16  -9.0376e-01   1.2628e+00  -3.5800e-16  -2.5280e-16  -2.4839e-01
  -1.1270e+01  -1.4458e+01   3.5822e-01   2.0171e-15   3.3754e-15  -1.2513e+01   1.2421e+01   1.2725e-15   2.0750e-15  -9.0376e-01
   1.1310e+01   3.5822e-01  -4.3939e+00   1.6734e-15   2.2504e-15  -1.2421e+01   8.8471e+00   3.8384e-16   1.2261e-15  -1.2628e+00
  -1.2047e-15   2.0171e-15   1.6734e-15  -4.8915e+00   1.8873e-15  -3.6275e-16   4.0308e-16  -1.1732e+01   2.4366e-15   3.6970e-17
  -6.5113e-16   3.3754e-15   2.2504e-15   1.8873e-15  -4.8915e+00  -9.4285e-16  -1.8170e-16  -1.5229e-16  -1.1732e+01   4.7561e-17
  -9.0376e-01  -1.2513e+01  -1.2421e+01  -3.6275e-16  -9.4285e-16  -1.4458e+01  -3.5822e-01  -1.6635e-15  -1.0807e-15  -1.1270e+01
   1.2628e+00   1.2421e+01   8.8471e+00   4.0308e-16  -1.8170e-16  -3.5822e-01  -4.3939e+00   7.4253e-16   5.6183e-16  -1.1310e+01
  -3.5800e-16   1.2725e-15   3.8384e-16  -1.1732e+01  -1.5229e-16  -1.6635e-15   7.4253e-16  -4.8915e+00   1.8873e-15  -2.6758e-16
  -2.5280e-16   2.0750e-15   1.2261e-15   2.4366e-15  -1.1732e+01  -1.0807e-15   5.6183e-16   1.8873e-15  -4.8915e+00   6.9666e-16
  -2.4839e-01  -9.0376e-01  -1.2628e+00   3.6970e-17   4.7561e-17  -1.1270e+01  -1.1310e+01  -2.6758e-16   6.9666e-16  -6.9401e+00
after solving eigen equation: 8
Ca
  -1.7899e-01  -4.5949e-01  -4.7133e-01   5.4644e-17  -2.4980e-16  -5.0443e-01  -2.7387e-16   8.6736e-18  -4.9580e-01  -1.8552e-01
  -6.3175e-01  -3.9750e-01  -8.2687e-02   4.3368e-17  -1.1796e-16   4.8322e-01   1.4138e-16  -1.1102e-16   3.0668e-01  -3.2938e-01
  -2.6239e-01   3.6175e-01   5.2059e-01   9.3675e-17   4.2327e-16  -1.0975e-01  -1.2317e-16  -3.7470e-16  -4.0017e-01  -5.9757e-01
   6.2490e-19   2.1940e-17   1.0963e-16   6.8147e-01  -1.8866e-01  -4.6188e-17   7.0043e-01   9.6952e-02  -2.3341e-16  -7.1837e-17
   1.0795e-16  -7.3301e-17  -4.5236e-16   1.8866e-01   6.8147e-01   6.8635e-16  -9.6952e-02   7.0043e-01  -6.6415e-16  -8.6325e-17
  -6.3175e-01   3.9750e-01  -8.2687e-02            0   1.6653e-16  -4.8322e-01  -2.7756e-17   7.2164e-16   3.0668e-01   3.2938e-01
   2.6239e-01   3.6175e-01  -5.2059e-01  -5.5511e-17  -4.9960e-16  -1.0975e-01   4.1633e-17   4.9960e-16   4.0017e-01  -5.9757e-01
  -5.3008e-18   8.8928e-18   2.1544e-16   6.8147e-01  -1.8866e-01   1.0425e-16  -7.0043e-01  -9.6952e-02   2.8549e-16  -4.3082e-18
            0  -2.2204e-16  -4.9960e-16   1.8866e-01   6.8147e-01  -3.8858e-16   9.6952e-02  -7.0043e-01   6.1062e-16            0
  -1.7899e-01   4.5949e-01  -4.7133e-01   1.3464e-31  -2.5805e-16   5.0443e-01   1.9282e-30  -8.8788e-16  -4.9580e-01   1.8552e-01
Cb
  -1.7899e-01  -4.5949e-01  -4.7133e-01   5.4644e-17  -2.4980e-16  -5.0443e-01  -2.7387e-16   8.6736e-18  -4.9580e-01  -1.8552e-01
  -6.3175e-01  -3.9750e-01  -8.2687e-02   4.3368e-17  -1.1796e-16   4.8322e-01   1.4138e-16  -1.1102e-16   3.0668e-01  -3.2938e-01
  -2.6239e-01   3.6175e-01   5.2059e-01   9.3675e-17   4.2327e-16  -1.0975e-01  -1.2317e-16  -3.7470e-16  -4.0017e-01  -5.9757e-01
   6.2490e-19   2.1940e-17   1.0963e-16   6.8147e-01  -1.8866e-01  -4.6188e-17   7.0043e-01   9.6952e-02  -2.3341e-16  -7.1837e-17
   1.0795e-16  -7.3301e-17  -4.5236e-16   1.8866e-01   6.8147e-01   6.8635e-16  -9.6952e-02   7.0043e-01  -6.6415e-16  -8.6325e-17
  -6.3175e-01   3.9750e-01  -8.2687e-02            0   1.6653e-16  -4.8322e-01  -2.7756e-17   7.2164e-16   3.0668e-01   3.2938e-01
   2.6239e-01   3.6175e-01  -5.2059e-01  -5.5511e-17  -4.9960e-16  -1.0975e-01   4.1633e-17   4.9960e-16   4.0017e-01  -5.9757e-01
  -5.3008e-18   8.8928e-18   2.1544e-16   6.8147e-01  -1.8866e-01   1.0425e-16  -7.0043e-01  -9.6952e-02   2.8549e-16  -4.3082e-18
            0  -2.2204e-16  -4.9960e-16   1.8866e-01   6.8147e-01  -3.8858e-16   9.6952e-02  -7.0043e-01   6.1062e-16            0
  -1.7899e-01   4.5949e-01  -4.7133e-01   1.3464e-31  -2.5805e-16   5.0443e-01   1.9282e-30  -8.8788e-16  -4.9580e-01   1.8552e-01
 p =  5 q =  5
Ea
  -35.4297
  -25.5578
  -20.4211
  -16.6231
  -16.6231
    5.9744
    6.8401
    6.8401
    8.4509
   15.4000
Eb
  -35.4297
  -25.5578
  -20.4211
  -16.6231
  -16.6231
    5.9744
    6.8401
    6.8401
    8.4509
   15.4000
Ca
  -1.7899e-01  -4.5949e-01  -4.7133e-01   5.4644e-17  -2.4980e-16  -5.0443e-01  -2.7387e-16   8.6736e-18  -4.9580e-01  -1.8552e-01
  -6.3175e-01  -3.9750e-01  -8.2687e-02   4.3368e-17  -1.1796e-16   4.8322e-01   1.4138e-16  -1.1102e-16   3.0668e-01  -3.2938e-01
  -2.6239e-01   3.6175e-01   5.2059e-01   9.3675e-17   4.2327e-16  -1.0975e-01  -1.2317e-16  -3.7470e-16  -4.0017e-01  -5.9757e-01
   6.2490e-19   2.1940e-17   1.0963e-16   6.8147e-01  -1.8866e-01  -4.6188e-17   7.0043e-01   9.6952e-02  -2.3341e-16  -7.1837e-17
   1.0795e-16  -7.3301e-17  -4.5236e-16   1.8866e-01   6.8147e-01   6.8635e-16  -9.6952e-02   7.0043e-01  -6.6415e-16  -8.6325e-17
  -6.3175e-01   3.9750e-01  -8.2687e-02            0   1.6653e-16  -4.8322e-01  -2.7756e-17   7.2164e-16   3.0668e-01   3.2938e-01
   2.6239e-01   3.6175e-01  -5.2059e-01  -5.5511e-17  -4.9960e-16  -1.0975e-01   4.1633e-17   4.9960e-16   4.0017e-01  -5.9757e-01
  -5.3008e-18   8.8928e-18   2.1544e-16   6.8147e-01  -1.8866e-01   1.0425e-16  -7.0043e-01  -9.6952e-02   2.8549e-16  -4.3082e-18
            0  -2.2204e-16  -4.9960e-16   1.8866e-01   6.8147e-01  -3.8858e-16   9.6952e-02  -7.0043e-01   6.1062e-16            0
  -1.7899e-01   4.5949e-01  -4.7133e-01   1.3464e-31  -2.5805e-16   5.0443e-01   1.9282e-30  -8.8788e-16  -4.9580e-01   1.8552e-01
Cb
  -1.7899e-01  -4.5949e-01  -4.7133e-01   5.4644e-17  -2.4980e-16  -5.0443e-01  -2.7387e-16   8.6736e-18  -4.9580e-01  -1.8552e-01
  -6.3175e-01  -3.9750e-01  -8.2687e-02   4.3368e-17  -1.1796e-16   4.8322e-01   1.4138e-16  -1.1102e-16   3.0668e-01  -3.2938e-01
  -2.6239e-01   3.6175e-01   5.2059e-01   9.3675e-17   4.2327e-16  -1.0975e-01  -1.2317e-16  -3.7470e-16  -4.0017e-01  -5.9757e-01
   6.2490e-19   2.1940e-17   1.0963e-16   6.8147e-01  -1.8866e-01  -4.6188e-17   7.0043e-01   9.6952e-02  -2.3341e-16  -7.1837e-17
   1.0795e-16  -7.3301e-17  -4.5236e-16   1.8866e-01   6.8147e-01   6.8635e-16  -9.6952e-02   7.0043e-01  -6.6415e-16  -8.6325e-17
  -6.3175e-01   3.9750e-01  -8.2687e-02            0   1.6653e-16  -4.8322e-01  -2.7756e-17   7.2164e-16   3.0668e-01   3.2938e-01
   2.6239e-01   3.6175e-01  -5.2059e-01  -5.5511e-17  -4.9960e-16  -1.0975e-01   4.1633e-17   4.9960e-16   4.0017e-01  -5.9757e-01
  -5.3008e-18   8.8928e-18   2.1544e-16   6.8147e-01  -1.8866e-01   1.0425e-16  -7.0043e-01  -9.6952e-02   2.8549e-16  -4.3082e-18
            0  -2.2204e-16  -4.9960e-16   1.8866e-01   6.8147e-01  -3.8858e-16   9.6952e-02  -7.0043e-01   6.1062e-16            0
  -1.7899e-01   4.5949e-01  -4.7133e-01   1.3464e-31  -2.5805e-16   5.0443e-01   1.9282e-30  -8.8788e-16  -4.9580e-01   1.8552e-01
Nuclear Repulsion Energy is 349.222 eV.
Electronic Energy is -779.352 eV.
The molecule in file C2H2.txt has energy -430.129944
