This AO info: s, R( 0.00, 0.00, 0.00), with angular momentum: 0 0 0
d_coe
   0.2769
   0.2678
   0.0835
alpha
   3.4253
   0.6239
   0.1689
This AO info: s, R( 0.00, 0.00, 0.00), with angular momentum: 0 0 0
d_coe
   0.2769
   0.2678
   0.0835
alpha
   3.4253
   0.6239
   0.1689
d'k=0.27693436 d'k'=0.27693436 d'l=0.27693436 d'l'=0.27693436
k=0 k'=0 l=0 l'=0 [o](0)=0.20141125
d'k=0.27693436 d'k'=0.27693436 d'l=0.27693436 d'l'=0.26783885
k=0 k'=0 l=0 l'=1 [o](0)=0.38204124
d'k=0.27693436 d'k'=0.27693436 d'l=0.27693436 d'l'=0.08347367
k=0 k'=0 l=0 l'=2 [o](0)=0.43968869
d'k=0.27693436 d'k'=0.27693436 d'l=0.26783885 d'l'=0.27693436
k=0 k'=0 l=1 l'=0 [o](0)=0.38204124
d'k=0.27693436 d'k'=0.27693436 d'l=0.26783885 d'l'=0.26783885
k=0 k'=0 l=1 l'=1 [o](0)=1.43823561
d'k=0.27693436 d'k'=0.27693436 d'l=0.26783885 d'l'=0.08347367
k=0 k'=0 l=1 l'=2 [o](0)=2.33021468
d'k=0.27693436 d'k'=0.27693436 d'l=0.08347367 d'l'=0.27693436
k=0 k'=0 l=2 l'=0 [o](0)=0.43968869
d'k=0.27693436 d'k'=0.27693436 d'l=0.08347367 d'l'=0.26783885
k=0 k'=0 l=2 l'=1 [o](0)=2.33021468
d'k=0.27693436 d'k'=0.27693436 d'l=0.08347367 d'l'=0.08347367
k=0 k'=0 l=2 l'=2 [o](0)=5.64062054
d'k=0.27693436 d'k'=0.26783885 d'l=0.27693436 d'l'=0.27693436
k=0 k'=1 l=0 l'=0 [o](0)=0.38204124
d'k=0.27693436 d'k'=0.26783885 d'l=0.27693436 d'l'=0.26783885
k=0 k'=1 l=0 l'=1 [o](0)=0.74985293
d'k=0.27693436 d'k'=0.26783885 d'l=0.27693436 d'l'=0.08347367
k=0 k'=1 l=0 l'=2 [o](0)=0.86957830
d'k=0.27693436 d'k'=0.26783885 d'l=0.26783885 d'l'=0.27693436
k=0 k'=1 l=1 l'=0 [o](0)=0.74985293
d'k=0.27693436 d'k'=0.26783885 d'l=0.26783885 d'l'=0.26783885
k=0 k'=1 l=1 l'=1 [o](0)=3.00863872
d'k=0.27693436 d'k'=0.26783885 d'l=0.26783885 d'l'=0.08347367
k=0 k'=1 l=1 l'=2 [o](0)=4.95316835
d'k=0.27693436 d'k'=0.26783885 d'l=0.08347367 d'l'=0.27693436
k=0 k'=1 l=2 l'=0 [o](0)=0.86957830
d'k=0.27693436 d'k'=0.26783885 d'l=0.08347367 d'l'=0.26783885
k=0 k'=1 l=2 l'=1 [o](0)=4.95316835
d'k=0.27693436 d'k'=0.26783885 d'l=0.08347367 d'l'=0.08347367
k=0 k'=1 l=2 l'=2 [o](0)=12.21565168
d'k=0.27693436 d'k'=0.08347367 d'l=0.27693436 d'l'=0.27693436
k=0 k'=2 l=0 l'=0 [o](0)=0.43968869
d'k=0.27693436 d'k'=0.08347367 d'l=0.27693436 d'l'=0.26783885
k=0 k'=2 l=0 l'=1 [o](0)=0.86957830
d'k=0.27693436 d'k'=0.08347367 d'l=0.27693436 d'l'=0.08347367
k=0 k'=2 l=0 l'=2 [o](0)=1.01021167
d'k=0.27693436 d'k'=0.08347367 d'l=0.26783885 d'l'=0.27693436
k=0 k'=2 l=1 l'=0 [o](0)=0.86957830
d'k=0.27693436 d'k'=0.08347367 d'l=0.26783885 d'l'=0.26783885
k=0 k'=2 l=1 l'=1 [o](0)=3.54527393
d'k=0.27693436 d'k'=0.08347367 d'l=0.26783885 d'l'=0.08347367
k=0 k'=2 l=1 l'=2 [o](0)=5.86258802
d'k=0.27693436 d'k'=0.08347367 d'l=0.08347367 d'l'=0.27693436
k=0 k'=2 l=2 l'=0 [o](0)=1.01021167
d'k=0.27693436 d'k'=0.08347367 d'l=0.08347367 d'l'=0.26783885
k=0 k'=2 l=2 l'=1 [o](0)=5.86258802
d'k=0.27693436 d'k'=0.08347367 d'l=0.08347367 d'l'=0.08347367
k=0 k'=2 l=2 l'=2 [o](0)=14.53691178
d'k=0.26783885 d'k'=0.27693436 d'l=0.27693436 d'l'=0.27693436
k=1 k'=0 l=0 l'=0 [o](0)=0.38204124
d'k=0.26783885 d'k'=0.27693436 d'l=0.27693436 d'l'=0.26783885
k=1 k'=0 l=0 l'=1 [o](0)=0.74985293
d'k=0.26783885 d'k'=0.27693436 d'l=0.27693436 d'l'=0.08347367
k=1 k'=0 l=0 l'=2 [o](0)=0.86957830
d'k=0.26783885 d'k'=0.27693436 d'l=0.26783885 d'l'=0.27693436
k=1 k'=0 l=1 l'=0 [o](0)=0.74985293
d'k=0.26783885 d'k'=0.27693436 d'l=0.26783885 d'l'=0.26783885
k=1 k'=0 l=1 l'=1 [o](0)=3.00863872
d'k=0.26783885 d'k'=0.27693436 d'l=0.26783885 d'l'=0.08347367
k=1 k'=0 l=1 l'=2 [o](0)=4.95316835
d'k=0.26783885 d'k'=0.27693436 d'l=0.08347367 d'l'=0.27693436
k=1 k'=0 l=2 l'=0 [o](0)=0.86957830
d'k=0.26783885 d'k'=0.27693436 d'l=0.08347367 d'l'=0.26783885
k=1 k'=0 l=2 l'=1 [o](0)=4.95316835
d'k=0.26783885 d'k'=0.27693436 d'l=0.08347367 d'l'=0.08347367
k=1 k'=0 l=2 l'=2 [o](0)=12.21565168
d'k=0.26783885 d'k'=0.26783885 d'l=0.27693436 d'l'=0.27693436
k=1 k'=1 l=0 l'=0 [o](0)=1.43823561
d'k=0.26783885 d'k'=0.26783885 d'l=0.27693436 d'l'=0.26783885
k=1 k'=1 l=0 l'=1 [o](0)=3.00863872
d'k=0.26783885 d'k'=0.26783885 d'l=0.27693436 d'l'=0.08347367
k=1 k'=1 l=0 l'=2 [o](0)=3.54527393
d'k=0.26783885 d'k'=0.26783885 d'l=0.26783885 d'l'=0.27693436
k=1 k'=1 l=1 l'=0 [o](0)=3.00863872
d'k=0.26783885 d'k'=0.26783885 d'l=0.26783885 d'l'=0.26783885
k=1 k'=1 l=1 l'=1 [o](0)=14.22339703
d'k=0.26783885 d'k'=0.26783885 d'l=0.26783885 d'l'=0.08347367
k=1 k'=1 l=1 l'=2 [o](0)=24.75852854
d'k=0.26783885 d'k'=0.26783885 d'l=0.08347367 d'l'=0.27693436
k=1 k'=1 l=2 l'=0 [o](0)=3.54527393
d'k=0.26783885 d'k'=0.26783885 d'l=0.08347367 d'l'=0.26783885
k=1 k'=1 l=2 l'=1 [o](0)=24.75852854
d'k=0.26783885 d'k'=0.26783885 d'l=0.08347367 d'l'=0.08347367
k=1 k'=1 l=2 l'=2 [o](0)=65.93512382
d'k=0.26783885 d'k'=0.08347367 d'l=0.27693436 d'l'=0.27693436
k=1 k'=2 l=0 l'=0 [o](0)=2.33021468
d'k=0.26783885 d'k'=0.08347367 d'l=0.27693436 d'l'=0.26783885
k=1 k'=2 l=0 l'=1 [o](0)=4.95316835
d'k=0.26783885 d'k'=0.08347367 d'l=0.27693436 d'l'=0.08347367
k=1 k'=2 l=0 l'=2 [o](0)=5.86258802
d'k=0.26783885 d'k'=0.08347367 d'l=0.26783885 d'l'=0.27693436
k=1 k'=2 l=1 l'=0 [o](0)=4.95316835
d'k=0.26783885 d'k'=0.08347367 d'l=0.26783885 d'l'=0.26783885
k=1 k'=2 l=1 l'=1 [o](0)=24.75852854
d'k=0.26783885 d'k'=0.08347367 d'l=0.26783885 d'l'=0.08347367
k=1 k'=2 l=1 l'=2 [o](0)=44.21023802
d'k=0.26783885 d'k'=0.08347367 d'l=0.08347367 d'l'=0.27693436
k=1 k'=2 l=2 l'=0 [o](0)=5.86258802
d'k=0.26783885 d'k'=0.08347367 d'l=0.08347367 d'l'=0.26783885
k=1 k'=2 l=2 l'=1 [o](0)=44.21023802
d'k=0.26783885 d'k'=0.08347367 d'l=0.08347367 d'l'=0.08347367
k=1 k'=2 l=2 l'=2 [o](0)=122.90840107
d'k=0.08347367 d'k'=0.27693436 d'l=0.27693436 d'l'=0.27693436
k=2 k'=0 l=0 l'=0 [o](0)=0.43968869
d'k=0.08347367 d'k'=0.27693436 d'l=0.27693436 d'l'=0.26783885
k=2 k'=0 l=0 l'=1 [o](0)=0.86957830
d'k=0.08347367 d'k'=0.27693436 d'l=0.27693436 d'l'=0.08347367
k=2 k'=0 l=0 l'=2 [o](0)=1.01021167
d'k=0.08347367 d'k'=0.27693436 d'l=0.26783885 d'l'=0.27693436
k=2 k'=0 l=1 l'=0 [o](0)=0.86957830
d'k=0.08347367 d'k'=0.27693436 d'l=0.26783885 d'l'=0.26783885
k=2 k'=0 l=1 l'=1 [o](0)=3.54527393
d'k=0.08347367 d'k'=0.27693436 d'l=0.26783885 d'l'=0.08347367
k=2 k'=0 l=1 l'=2 [o](0)=5.86258802
d'k=0.08347367 d'k'=0.27693436 d'l=0.08347367 d'l'=0.27693436
k=2 k'=0 l=2 l'=0 [o](0)=1.01021167
d'k=0.08347367 d'k'=0.27693436 d'l=0.08347367 d'l'=0.26783885
k=2 k'=0 l=2 l'=1 [o](0)=5.86258802
d'k=0.08347367 d'k'=0.27693436 d'l=0.08347367 d'l'=0.08347367
k=2 k'=0 l=2 l'=2 [o](0)=14.53691178
d'k=0.08347367 d'k'=0.26783885 d'l=0.27693436 d'l'=0.27693436
k=2 k'=1 l=0 l'=0 [o](0)=2.33021468
d'k=0.08347367 d'k'=0.26783885 d'l=0.27693436 d'l'=0.26783885
k=2 k'=1 l=0 l'=1 [o](0)=4.95316835
d'k=0.08347367 d'k'=0.26783885 d'l=0.27693436 d'l'=0.08347367
k=2 k'=1 l=0 l'=2 [o](0)=5.86258802
d'k=0.08347367 d'k'=0.26783885 d'l=0.26783885 d'l'=0.27693436
k=2 k'=1 l=1 l'=0 [o](0)=4.95316835
d'k=0.08347367 d'k'=0.26783885 d'l=0.26783885 d'l'=0.26783885
k=2 k'=1 l=1 l'=1 [o](0)=24.75852854
d'k=0.08347367 d'k'=0.26783885 d'l=0.26783885 d'l'=0.08347367
k=2 k'=1 l=1 l'=2 [o](0)=44.21023802
d'k=0.08347367 d'k'=0.26783885 d'l=0.08347367 d'l'=0.27693436
k=2 k'=1 l=2 l'=0 [o](0)=5.86258802
d'k=0.08347367 d'k'=0.26783885 d'l=0.08347367 d'l'=0.26783885
k=2 k'=1 l=2 l'=1 [o](0)=44.21023802
d'k=0.08347367 d'k'=0.26783885 d'l=0.08347367 d'l'=0.08347367
k=2 k'=1 l=2 l'=2 [o](0)=122.90840107
d'k=0.08347367 d'k'=0.08347367 d'l=0.27693436 d'l'=0.27693436
k=2 k'=2 l=0 l'=0 [o](0)=5.64062054
d'k=0.08347367 d'k'=0.08347367 d'l=0.27693436 d'l'=0.26783885
k=2 k'=2 l=0 l'=1 [o](0)=12.21565168
d'k=0.08347367 d'k'=0.08347367 d'l=0.27693436 d'l'=0.08347367
k=2 k'=2 l=0 l'=2 [o](0)=14.53691178
d'k=0.08347367 d'k'=0.08347367 d'l=0.26783885 d'l'=0.27693436
k=2 k'=2 l=1 l'=0 [o](0)=12.21565168
d'k=0.08347367 d'k'=0.08347367 d'l=0.26783885 d'l'=0.26783885
k=2 k'=2 l=1 l'=1 [o](0)=65.93512382
d'k=0.08347367 d'k'=0.08347367 d'l=0.26783885 d'l'=0.08347367
k=2 k'=2 l=1 l'=2 [o](0)=122.90840107
d'k=0.08347367 d'k'=0.08347367 d'l=0.08347367 d'l'=0.27693436
k=2 k'=2 l=2 l'=0 [o](0)=14.53691178
d'k=0.08347367 d'k'=0.08347367 d'l=0.08347367 d'l'=0.26783885
k=2 k'=2 l=2 l'=1 [o](0)=122.90840107
d'k=0.08347367 d'k'=0.08347367 d'l=0.08347367 d'l'=0.08347367
k=2 k'=2 l=2 l'=2 [o](0)=373.27362602
This AO info: s, R( 1.41, 0.00, 0.00), with angular momentum: 0 0 0
d_coe
   0.2769
   0.2678
   0.0835
alpha
   3.4253
   0.6239
   0.1689
This AO info: s, R( 0.00, 0.00, 0.00), with angular momentum: 0 0 0
d_coe
   0.2769
   0.2678
   0.0835
alpha
   3.4253
   0.6239
   0.1689
d'k=0.27693436 d'k'=0.27693436 d'l=0.27693436 d'l'=0.27693436
k=0 k'=0 l=0 l'=0 [o](0)=0.06839861
d'k=0.27693436 d'k'=0.27693436 d'l=0.27693436 d'l'=0.26783885
k=0 k'=0 l=0 l'=1 [o](0)=0.15032843
d'k=0.27693436 d'k'=0.27693436 d'l=0.27693436 d'l'=0.08347367
k=0 k'=0 l=0 l'=2 [o](0)=0.17963165
d'k=0.27693436 d'k'=0.27693436 d'l=0.26783885 d'l'=0.27693436
k=0 k'=0 l=1 l'=0 [o](0)=0.15032843
d'k=0.27693436 d'k'=0.27693436 d'l=0.26783885 d'l'=0.26783885
k=0 k'=0 l=1 l'=1 [o](0)=0.84435996
d'k=0.27693436 d'k'=0.27693436 d'l=0.26783885 d'l'=0.08347367
k=0 k'=0 l=1 l'=2 [o](0)=1.57647035
d'k=0.27693436 d'k'=0.27693436 d'l=0.08347367 d'l'=0.27693436
k=0 k'=0 l=2 l'=0 [o](0)=0.17963165
d'k=0.27693436 d'k'=0.27693436 d'l=0.08347367 d'l'=0.26783885
k=0 k'=0 l=2 l'=1 [o](0)=1.57647035
d'k=0.27693436 d'k'=0.27693436 d'l=0.08347367 d'l'=0.08347367
k=0 k'=0 l=2 l'=2 [o](0)=4.63757675
d'k=0.27693436 d'k'=0.26783885 d'l=0.27693436 d'l'=0.27693436
k=0 k'=1 l=0 l'=0 [o](0)=0.15032843
d'k=0.27693436 d'k'=0.26783885 d'l=0.27693436 d'l'=0.26783885
k=0 k'=1 l=0 l'=1 [o](0)=0.32978565
d'k=0.27693436 d'k'=0.26783885 d'l=0.27693436 d'l'=0.08347367
k=0 k'=1 l=0 l'=2 [o](0)=0.39381243
d'k=0.27693436 d'k'=0.26783885 d'l=0.26783885 d'l'=0.27693436
k=0 k'=1 l=1 l'=0 [o](0)=0.32978565
d'k=0.27693436 d'k'=0.26783885 d'l=0.26783885 d'l'=0.26783885
k=0 k'=1 l=1 l'=1 [o](0)=1.83679751
d'k=0.27693436 d'k'=0.26783885 d'l=0.26783885 d'l'=0.08347367
k=0 k'=1 l=1 l'=2 [o](0)=3.42450036
d'k=0.27693436 d'k'=0.26783885 d'l=0.08347367 d'l'=0.27693436
k=0 k'=1 l=2 l'=0 [o](0)=0.39381243
d'k=0.27693436 d'k'=0.26783885 d'l=0.08347367 d'l'=0.26783885
k=0 k'=1 l=2 l'=1 [o](0)=3.42450036
d'k=0.27693436 d'k'=0.26783885 d'l=0.08347367 d'l'=0.08347367
k=0 k'=1 l=2 l'=2 [o](0)=10.10038006
d'k=0.27693436 d'k'=0.08347367 d'l=0.27693436 d'l'=0.27693436
k=0 k'=2 l=0 l'=0 [o](0)=0.17963165
d'k=0.27693436 d'k'=0.08347367 d'l=0.27693436 d'l'=0.26783885
k=0 k'=2 l=0 l'=1 [o](0)=0.39381243
d'k=0.27693436 d'k'=0.08347367 d'l=0.27693436 d'l'=0.08347367
k=0 k'=2 l=0 l'=2 [o](0)=0.47017333
d'k=0.27693436 d'k'=0.08347367 d'l=0.26783885 d'l'=0.27693436
k=0 k'=2 l=1 l'=0 [o](0)=0.39381243
d'k=0.27693436 d'k'=0.08347367 d'l=0.26783885 d'l'=0.26783885
k=0 k'=2 l=1 l'=1 [o](0)=2.18835403
d'k=0.27693436 d'k'=0.08347367 d'l=0.26783885 d'l'=0.08347367
k=0 k'=2 l=1 l'=2 [o](0)=4.07863991
d'k=0.27693436 d'k'=0.08347367 d'l=0.08347367 d'l'=0.27693436
k=0 k'=2 l=2 l'=0 [o](0)=0.47017333
d'k=0.27693436 d'k'=0.08347367 d'l=0.08347367 d'l'=0.26783885
k=0 k'=2 l=2 l'=1 [o](0)=4.07863991
d'k=0.27693436 d'k'=0.08347367 d'l=0.08347367 d'l'=0.08347367
k=0 k'=2 l=2 l'=2 [o](0)=12.03997239
d'k=0.26783885 d'k'=0.27693436 d'l=0.27693436 d'l'=0.27693436
k=1 k'=0 l=0 l'=0 [o](0)=0.15032843
d'k=0.26783885 d'k'=0.27693436 d'l=0.27693436 d'l'=0.26783885
k=1 k'=0 l=0 l'=1 [o](0)=0.32978565
d'k=0.26783885 d'k'=0.27693436 d'l=0.27693436 d'l'=0.08347367
k=1 k'=0 l=0 l'=2 [o](0)=0.39381243
d'k=0.26783885 d'k'=0.27693436 d'l=0.26783885 d'l'=0.27693436
k=1 k'=0 l=1 l'=0 [o](0)=0.32978565
d'k=0.26783885 d'k'=0.27693436 d'l=0.26783885 d'l'=0.26783885
k=1 k'=0 l=1 l'=1 [o](0)=1.83679751
d'k=0.26783885 d'k'=0.27693436 d'l=0.26783885 d'l'=0.08347367
k=1 k'=0 l=1 l'=2 [o](0)=3.42450036
d'k=0.26783885 d'k'=0.27693436 d'l=0.08347367 d'l'=0.27693436
k=1 k'=0 l=2 l'=0 [o](0)=0.39381243
d'k=0.26783885 d'k'=0.27693436 d'l=0.08347367 d'l'=0.26783885
k=1 k'=0 l=2 l'=1 [o](0)=3.42450036
d'k=0.26783885 d'k'=0.27693436 d'l=0.08347367 d'l'=0.08347367
k=1 k'=0 l=2 l'=2 [o](0)=10.10038006
d'k=0.26783885 d'k'=0.26783885 d'l=0.27693436 d'l'=0.27693436
k=1 k'=1 l=0 l'=0 [o](0)=0.84435996
d'k=0.26783885 d'k'=0.26783885 d'l=0.27693436 d'l'=0.26783885
k=1 k'=1 l=0 l'=1 [o](0)=1.83679751
d'k=0.26783885 d'k'=0.26783885 d'l=0.27693436 d'l'=0.08347367
k=1 k'=1 l=0 l'=2 [o](0)=2.18835403
d'k=0.26783885 d'k'=0.26783885 d'l=0.26783885 d'l'=0.27693436
k=1 k'=1 l=1 l'=0 [o](0)=1.83679751
d'k=0.26783885 d'k'=0.26783885 d'l=0.26783885 d'l'=0.26783885
k=1 k'=1 l=1 l'=1 [o](0)=10.01471874
d'k=0.26783885 d'k'=0.26783885 d'l=0.26783885 d'l'=0.08347367
k=1 k'=1 l=1 l'=2 [o](0)=18.66349908
d'k=0.26783885 d'k'=0.26783885 d'l=0.08347367 d'l'=0.27693436
k=1 k'=1 l=2 l'=0 [o](0)=2.18835403
d'k=0.26783885 d'k'=0.26783885 d'l=0.08347367 d'l'=0.26783885
k=1 k'=1 l=2 l'=1 [o](0)=18.66349908
d'k=0.26783885 d'k'=0.26783885 d'l=0.08347367 d'l'=0.08347367
k=1 k'=1 l=2 l'=2 [o](0)=55.95621363
d'k=0.26783885 d'k'=0.08347367 d'l=0.27693436 d'l'=0.27693436
k=1 k'=2 l=0 l'=0 [o](0)=1.57647035
d'k=0.26783885 d'k'=0.08347367 d'l=0.27693436 d'l'=0.26783885
k=1 k'=2 l=0 l'=1 [o](0)=3.42450036
d'k=0.26783885 d'k'=0.08347367 d'l=0.27693436 d'l'=0.08347367
k=1 k'=2 l=0 l'=2 [o](0)=4.07863991
d'k=0.26783885 d'k'=0.08347367 d'l=0.26783885 d'l'=0.27693436
k=1 k'=2 l=1 l'=0 [o](0)=3.42450036
d'k=0.26783885 d'k'=0.08347367 d'l=0.26783885 d'l'=0.26783885
k=1 k'=2 l=1 l'=1 [o](0)=18.66349908
d'k=0.26783885 d'k'=0.08347367 d'l=0.26783885 d'l'=0.08347367
k=1 k'=2 l=1 l'=2 [o](0)=34.89989139
d'k=0.26783885 d'k'=0.08347367 d'l=0.08347367 d'l'=0.27693436
k=1 k'=2 l=2 l'=0 [o](0)=4.07863991
d'k=0.26783885 d'k'=0.08347367 d'l=0.08347367 d'l'=0.26783885
k=1 k'=2 l=2 l'=1 [o](0)=34.89989139
d'k=0.26783885 d'k'=0.08347367 d'l=0.08347367 d'l'=0.08347367
k=1 k'=2 l=2 l'=2 [o](0)=106.06929109
d'k=0.08347367 d'k'=0.27693436 d'l=0.27693436 d'l'=0.27693436
k=2 k'=0 l=0 l'=0 [o](0)=0.17963165
d'k=0.08347367 d'k'=0.27693436 d'l=0.27693436 d'l'=0.26783885
k=2 k'=0 l=0 l'=1 [o](0)=0.39381243
d'k=0.08347367 d'k'=0.27693436 d'l=0.27693436 d'l'=0.08347367
k=2 k'=0 l=0 l'=2 [o](0)=0.47017333
d'k=0.08347367 d'k'=0.27693436 d'l=0.26783885 d'l'=0.27693436
k=2 k'=0 l=1 l'=0 [o](0)=0.39381243
d'k=0.08347367 d'k'=0.27693436 d'l=0.26783885 d'l'=0.26783885
k=2 k'=0 l=1 l'=1 [o](0)=2.18835403
d'k=0.08347367 d'k'=0.27693436 d'l=0.26783885 d'l'=0.08347367
k=2 k'=0 l=1 l'=2 [o](0)=4.07863991
d'k=0.08347367 d'k'=0.27693436 d'l=0.08347367 d'l'=0.27693436
k=2 k'=0 l=2 l'=0 [o](0)=0.47017333
d'k=0.08347367 d'k'=0.27693436 d'l=0.08347367 d'l'=0.26783885
k=2 k'=0 l=2 l'=1 [o](0)=4.07863991
d'k=0.08347367 d'k'=0.27693436 d'l=0.08347367 d'l'=0.08347367
k=2 k'=0 l=2 l'=2 [o](0)=12.03997239
d'k=0.08347367 d'k'=0.26783885 d'l=0.27693436 d'l'=0.27693436
k=2 k'=1 l=0 l'=0 [o](0)=1.57647035
d'k=0.08347367 d'k'=0.26783885 d'l=0.27693436 d'l'=0.26783885
k=2 k'=1 l=0 l'=1 [o](0)=3.42450036
d'k=0.08347367 d'k'=0.26783885 d'l=0.27693436 d'l'=0.08347367
k=2 k'=1 l=0 l'=2 [o](0)=4.07863991
d'k=0.08347367 d'k'=0.26783885 d'l=0.26783885 d'l'=0.27693436
k=2 k'=1 l=1 l'=0 [o](0)=3.42450036
d'k=0.08347367 d'k'=0.26783885 d'l=0.26783885 d'l'=0.26783885
k=2 k'=1 l=1 l'=1 [o](0)=18.66349908
d'k=0.08347367 d'k'=0.26783885 d'l=0.26783885 d'l'=0.08347367
k=2 k'=1 l=1 l'=2 [o](0)=34.89989139
d'k=0.08347367 d'k'=0.26783885 d'l=0.08347367 d'l'=0.27693436
k=2 k'=1 l=2 l'=0 [o](0)=4.07863991
d'k=0.08347367 d'k'=0.26783885 d'l=0.08347367 d'l'=0.26783885
k=2 k'=1 l=2 l'=1 [o](0)=34.89989139
d'k=0.08347367 d'k'=0.26783885 d'l=0.08347367 d'l'=0.08347367
k=2 k'=1 l=2 l'=2 [o](0)=106.06929109
d'k=0.08347367 d'k'=0.08347367 d'l=0.27693436 d'l'=0.27693436
k=2 k'=2 l=0 l'=0 [o](0)=4.63757675
d'k=0.08347367 d'k'=0.08347367 d'l=0.27693436 d'l'=0.26783885
k=2 k'=2 l=0 l'=1 [o](0)=10.10038006
d'k=0.08347367 d'k'=0.08347367 d'l=0.27693436 d'l'=0.08347367
k=2 k'=2 l=0 l'=2 [o](0)=12.03997239
d'k=0.08347367 d'k'=0.08347367 d'l=0.26783885 d'l'=0.27693436
k=2 k'=2 l=1 l'=0 [o](0)=10.10038006
d'k=0.08347367 d'k'=0.08347367 d'l=0.26783885 d'l'=0.26783885
k=2 k'=2 l=1 l'=1 [o](0)=55.95621363
d'k=0.08347367 d'k'=0.08347367 d'l=0.26783885 d'l'=0.08347367
k=2 k'=2 l=1 l'=2 [o](0)=106.06929109
d'k=0.08347367 d'k'=0.08347367 d'l=0.08347367 d'l'=0.27693436
k=2 k'=2 l=2 l'=0 [o](0)=12.03997239
d'k=0.08347367 d'k'=0.08347367 d'l=0.08347367 d'l'=0.26783885
k=2 k'=2 l=2 l'=1 [o](0)=106.06929109
d'k=0.08347367 d'k'=0.08347367 d'l=0.08347367 d'l'=0.08347367
k=2 k'=2 l=2 l'=2 [o](0)=335.40817174
This AO info: s, R( 1.41, 0.00, 0.00), with angular momentum: 0 0 0
d_coe
   0.2769
   0.2678
   0.0835
alpha
   3.4253
   0.6239
   0.1689
This AO info: s, R( 1.41, 0.00, 0.00), with angular momentum: 0 0 0
d_coe
   0.2769
   0.2678
   0.0835
alpha
   3.4253
   0.6239
   0.1689
d'k=0.27693436 d'k'=0.27693436 d'l=0.27693436 d'l'=0.27693436
k=0 k'=0 l=0 l'=0 [o](0)=0.20141125
d'k=0.27693436 d'k'=0.27693436 d'l=0.27693436 d'l'=0.26783885
k=0 k'=0 l=0 l'=1 [o](0)=0.38204124
d'k=0.27693436 d'k'=0.27693436 d'l=0.27693436 d'l'=0.08347367
k=0 k'=0 l=0 l'=2 [o](0)=0.43968869
d'k=0.27693436 d'k'=0.27693436 d'l=0.26783885 d'l'=0.27693436
k=0 k'=0 l=1 l'=0 [o](0)=0.38204124
d'k=0.27693436 d'k'=0.27693436 d'l=0.26783885 d'l'=0.26783885
k=0 k'=0 l=1 l'=1 [o](0)=1.43823561
d'k=0.27693436 d'k'=0.27693436 d'l=0.26783885 d'l'=0.08347367
k=0 k'=0 l=1 l'=2 [o](0)=2.33021468
d'k=0.27693436 d'k'=0.27693436 d'l=0.08347367 d'l'=0.27693436
k=0 k'=0 l=2 l'=0 [o](0)=0.43968869
d'k=0.27693436 d'k'=0.27693436 d'l=0.08347367 d'l'=0.26783885
k=0 k'=0 l=2 l'=1 [o](0)=2.33021468
d'k=0.27693436 d'k'=0.27693436 d'l=0.08347367 d'l'=0.08347367
k=0 k'=0 l=2 l'=2 [o](0)=5.64062054
d'k=0.27693436 d'k'=0.26783885 d'l=0.27693436 d'l'=0.27693436
k=0 k'=1 l=0 l'=0 [o](0)=0.38204124
d'k=0.27693436 d'k'=0.26783885 d'l=0.27693436 d'l'=0.26783885
k=0 k'=1 l=0 l'=1 [o](0)=0.74985293
d'k=0.27693436 d'k'=0.26783885 d'l=0.27693436 d'l'=0.08347367
k=0 k'=1 l=0 l'=2 [o](0)=0.86957830
d'k=0.27693436 d'k'=0.26783885 d'l=0.26783885 d'l'=0.27693436
k=0 k'=1 l=1 l'=0 [o](0)=0.74985293
d'k=0.27693436 d'k'=0.26783885 d'l=0.26783885 d'l'=0.26783885
k=0 k'=1 l=1 l'=1 [o](0)=3.00863872
d'k=0.27693436 d'k'=0.26783885 d'l=0.26783885 d'l'=0.08347367
k=0 k'=1 l=1 l'=2 [o](0)=4.95316835
d'k=0.27693436 d'k'=0.26783885 d'l=0.08347367 d'l'=0.27693436
k=0 k'=1 l=2 l'=0 [o](0)=0.86957830
d'k=0.27693436 d'k'=0.26783885 d'l=0.08347367 d'l'=0.26783885
k=0 k'=1 l=2 l'=1 [o](0)=4.95316835
d'k=0.27693436 d'k'=0.26783885 d'l=0.08347367 d'l'=0.08347367
k=0 k'=1 l=2 l'=2 [o](0)=12.21565168
d'k=0.27693436 d'k'=0.08347367 d'l=0.27693436 d'l'=0.27693436
k=0 k'=2 l=0 l'=0 [o](0)=0.43968869
d'k=0.27693436 d'k'=0.08347367 d'l=0.27693436 d'l'=0.26783885
k=0 k'=2 l=0 l'=1 [o](0)=0.86957830
d'k=0.27693436 d'k'=0.08347367 d'l=0.27693436 d'l'=0.08347367
k=0 k'=2 l=0 l'=2 [o](0)=1.01021167
d'k=0.27693436 d'k'=0.08347367 d'l=0.26783885 d'l'=0.27693436
k=0 k'=2 l=1 l'=0 [o](0)=0.86957830
d'k=0.27693436 d'k'=0.08347367 d'l=0.26783885 d'l'=0.26783885
k=0 k'=2 l=1 l'=1 [o](0)=3.54527393
d'k=0.27693436 d'k'=0.08347367 d'l=0.26783885 d'l'=0.08347367
k=0 k'=2 l=1 l'=2 [o](0)=5.86258802
d'k=0.27693436 d'k'=0.08347367 d'l=0.08347367 d'l'=0.27693436
k=0 k'=2 l=2 l'=0 [o](0)=1.01021167
d'k=0.27693436 d'k'=0.08347367 d'l=0.08347367 d'l'=0.26783885
k=0 k'=2 l=2 l'=1 [o](0)=5.86258802
d'k=0.27693436 d'k'=0.08347367 d'l=0.08347367 d'l'=0.08347367
k=0 k'=2 l=2 l'=2 [o](0)=14.53691178
d'k=0.26783885 d'k'=0.27693436 d'l=0.27693436 d'l'=0.27693436
k=1 k'=0 l=0 l'=0 [o](0)=0.38204124
d'k=0.26783885 d'k'=0.27693436 d'l=0.27693436 d'l'=0.26783885
k=1 k'=0 l=0 l'=1 [o](0)=0.74985293
d'k=0.26783885 d'k'=0.27693436 d'l=0.27693436 d'l'=0.08347367
k=1 k'=0 l=0 l'=2 [o](0)=0.86957830
d'k=0.26783885 d'k'=0.27693436 d'l=0.26783885 d'l'=0.27693436
k=1 k'=0 l=1 l'=0 [o](0)=0.74985293
d'k=0.26783885 d'k'=0.27693436 d'l=0.26783885 d'l'=0.26783885
k=1 k'=0 l=1 l'=1 [o](0)=3.00863872
d'k=0.26783885 d'k'=0.27693436 d'l=0.26783885 d'l'=0.08347367
k=1 k'=0 l=1 l'=2 [o](0)=4.95316835
d'k=0.26783885 d'k'=0.27693436 d'l=0.08347367 d'l'=0.27693436
k=1 k'=0 l=2 l'=0 [o](0)=0.86957830
d'k=0.26783885 d'k'=0.27693436 d'l=0.08347367 d'l'=0.26783885
k=1 k'=0 l=2 l'=1 [o](0)=4.95316835
d'k=0.26783885 d'k'=0.27693436 d'l=0.08347367 d'l'=0.08347367
k=1 k'=0 l=2 l'=2 [o](0)=12.21565168
d'k=0.26783885 d'k'=0.26783885 d'l=0.27693436 d'l'=0.27693436
k=1 k'=1 l=0 l'=0 [o](0)=1.43823561
d'k=0.26783885 d'k'=0.26783885 d'l=0.27693436 d'l'=0.26783885
k=1 k'=1 l=0 l'=1 [o](0)=3.00863872
d'k=0.26783885 d'k'=0.26783885 d'l=0.27693436 d'l'=0.08347367
k=1 k'=1 l=0 l'=2 [o](0)=3.54527393
d'k=0.26783885 d'k'=0.26783885 d'l=0.26783885 d'l'=0.27693436
k=1 k'=1 l=1 l'=0 [o](0)=3.00863872
d'k=0.26783885 d'k'=0.26783885 d'l=0.26783885 d'l'=0.26783885
k=1 k'=1 l=1 l'=1 [o](0)=14.22339703
d'k=0.26783885 d'k'=0.26783885 d'l=0.26783885 d'l'=0.08347367
k=1 k'=1 l=1 l'=2 [o](0)=24.75852854
d'k=0.26783885 d'k'=0.26783885 d'l=0.08347367 d'l'=0.27693436
k=1 k'=1 l=2 l'=0 [o](0)=3.54527393
d'k=0.26783885 d'k'=0.26783885 d'l=0.08347367 d'l'=0.26783885
k=1 k'=1 l=2 l'=1 [o](0)=24.75852854
d'k=0.26783885 d'k'=0.26783885 d'l=0.08347367 d'l'=0.08347367
k=1 k'=1 l=2 l'=2 [o](0)=65.93512382
d'k=0.26783885 d'k'=0.08347367 d'l=0.27693436 d'l'=0.27693436
k=1 k'=2 l=0 l'=0 [o](0)=2.33021468
d'k=0.26783885 d'k'=0.08347367 d'l=0.27693436 d'l'=0.26783885
k=1 k'=2 l=0 l'=1 [o](0)=4.95316835
d'k=0.26783885 d'k'=0.08347367 d'l=0.27693436 d'l'=0.08347367
k=1 k'=2 l=0 l'=2 [o](0)=5.86258802
d'k=0.26783885 d'k'=0.08347367 d'l=0.26783885 d'l'=0.27693436
k=1 k'=2 l=1 l'=0 [o](0)=4.95316835
d'k=0.26783885 d'k'=0.08347367 d'l=0.26783885 d'l'=0.26783885
k=1 k'=2 l=1 l'=1 [o](0)=24.75852854
d'k=0.26783885 d'k'=0.08347367 d'l=0.26783885 d'l'=0.08347367
k=1 k'=2 l=1 l'=2 [o](0)=44.21023802
d'k=0.26783885 d'k'=0.08347367 d'l=0.08347367 d'l'=0.27693436
k=1 k'=2 l=2 l'=0 [o](0)=5.86258802
d'k=0.26783885 d'k'=0.08347367 d'l=0.08347367 d'l'=0.26783885
k=1 k'=2 l=2 l'=1 [o](0)=44.21023802
d'k=0.26783885 d'k'=0.08347367 d'l=0.08347367 d'l'=0.08347367
k=1 k'=2 l=2 l'=2 [o](0)=122.90840107
d'k=0.08347367 d'k'=0.27693436 d'l=0.27693436 d'l'=0.27693436
k=2 k'=0 l=0 l'=0 [o](0)=0.43968869
d'k=0.08347367 d'k'=0.27693436 d'l=0.27693436 d'l'=0.26783885
k=2 k'=0 l=0 l'=1 [o](0)=0.86957830
d'k=0.08347367 d'k'=0.27693436 d'l=0.27693436 d'l'=0.08347367
k=2 k'=0 l=0 l'=2 [o](0)=1.01021167
d'k=0.08347367 d'k'=0.27693436 d'l=0.26783885 d'l'=0.27693436
k=2 k'=0 l=1 l'=0 [o](0)=0.86957830
d'k=0.08347367 d'k'=0.27693436 d'l=0.26783885 d'l'=0.26783885
k=2 k'=0 l=1 l'=1 [o](0)=3.54527393
d'k=0.08347367 d'k'=0.27693436 d'l=0.26783885 d'l'=0.08347367
k=2 k'=0 l=1 l'=2 [o](0)=5.86258802
d'k=0.08347367 d'k'=0.27693436 d'l=0.08347367 d'l'=0.27693436
k=2 k'=0 l=2 l'=0 [o](0)=1.01021167
d'k=0.08347367 d'k'=0.27693436 d'l=0.08347367 d'l'=0.26783885
k=2 k'=0 l=2 l'=1 [o](0)=5.86258802
d'k=0.08347367 d'k'=0.27693436 d'l=0.08347367 d'l'=0.08347367
k=2 k'=0 l=2 l'=2 [o](0)=14.53691178
d'k=0.08347367 d'k'=0.26783885 d'l=0.27693436 d'l'=0.27693436
k=2 k'=1 l=0 l'=0 [o](0)=2.33021468
d'k=0.08347367 d'k'=0.26783885 d'l=0.27693436 d'l'=0.26783885
k=2 k'=1 l=0 l'=1 [o](0)=4.95316835
d'k=0.08347367 d'k'=0.26783885 d'l=0.27693436 d'l'=0.08347367
k=2 k'=1 l=0 l'=2 [o](0)=5.86258802
d'k=0.08347367 d'k'=0.26783885 d'l=0.26783885 d'l'=0.27693436
k=2 k'=1 l=1 l'=0 [o](0)=4.95316835
d'k=0.08347367 d'k'=0.26783885 d'l=0.26783885 d'l'=0.26783885
k=2 k'=1 l=1 l'=1 [o](0)=24.75852854
d'k=0.08347367 d'k'=0.26783885 d'l=0.26783885 d'l'=0.08347367
k=2 k'=1 l=1 l'=2 [o](0)=44.21023802
d'k=0.08347367 d'k'=0.26783885 d'l=0.08347367 d'l'=0.27693436
k=2 k'=1 l=2 l'=0 [o](0)=5.86258802
d'k=0.08347367 d'k'=0.26783885 d'l=0.08347367 d'l'=0.26783885
k=2 k'=1 l=2 l'=1 [o](0)=44.21023802
d'k=0.08347367 d'k'=0.26783885 d'l=0.08347367 d'l'=0.08347367
k=2 k'=1 l=2 l'=2 [o](0)=122.90840107
d'k=0.08347367 d'k'=0.08347367 d'l=0.27693436 d'l'=0.27693436
k=2 k'=2 l=0 l'=0 [o](0)=5.64062054
d'k=0.08347367 d'k'=0.08347367 d'l=0.27693436 d'l'=0.26783885
k=2 k'=2 l=0 l'=1 [o](0)=12.21565168
d'k=0.08347367 d'k'=0.08347367 d'l=0.27693436 d'l'=0.08347367
k=2 k'=2 l=0 l'=2 [o](0)=14.53691178
d'k=0.08347367 d'k'=0.08347367 d'l=0.26783885 d'l'=0.27693436
k=2 k'=2 l=1 l'=0 [o](0)=12.21565168
d'k=0.08347367 d'k'=0.08347367 d'l=0.26783885 d'l'=0.26783885
k=2 k'=2 l=1 l'=1 [o](0)=65.93512382
d'k=0.08347367 d'k'=0.08347367 d'l=0.26783885 d'l'=0.08347367
k=2 k'=2 l=1 l'=2 [o](0)=122.90840107
d'k=0.08347367 d'k'=0.08347367 d'l=0.08347367 d'l'=0.27693436
k=2 k'=2 l=2 l'=0 [o](0)=14.53691178
d'k=0.08347367 d'k'=0.08347367 d'l=0.08347367 d'l'=0.26783885
k=2 k'=2 l=2 l'=1 [o](0)=122.90840107
d'k=0.08347367 d'k'=0.08347367 d'l=0.08347367 d'l'=0.08347367
k=2 k'=2 l=2 l'=2 [o](0)=373.27362602
gamma
   21.0781   15.4490
   15.4490   21.0781
Overlap
   1.0000   0.6559
   0.6559   1.0000
 p =  1 q =  1
H_core
  -33.1641   -5.9035
   -5.9035  -33.1641
Iteration: 0
Fa
  -33.1641   -5.9035
   -5.9035  -33.1641
Fb
  -33.1641   -5.9035
   -5.9035  -33.1641
after solving eigen equation: 0
Ca
   0.7071  -0.7071
   0.7071   0.7071
Cb
   0.7071  -0.7071
   0.7071   0.7071
 p =  1 q =  1
Pa_new
   0.5000   0.5000
   0.5000   0.5000
Pb_new
   0.5000   0.5000
   0.5000   0.5000
P_t
   1.0000
   1.0000
Ga
   25.9881   -7.7245
   -7.7245   25.9881
Gb
   25.9881   -7.7245
   -7.7245   25.9881
Iteration: 1
Fa
   -7.1760  -13.6280
  -13.6280   -7.1760
Fb
   -7.1760  -13.6280
  -13.6280   -7.1760
after solving eigen equation: 1
Ca
   0.7071  -0.7071
   0.7071   0.7071
Cb
   0.7071  -0.7071
   0.7071   0.7071
 p =  1 q =  1
Ea
  -20.8040
    6.4520
Eb
  -20.8040
    6.4520
Ca
   0.7071  -0.7071
   0.7071   0.7071
Cb
   0.7071  -0.7071
   0.7071   0.7071
Nuclear Repulsion Energy is 19.3025 eV.
Electronic Energy is -59.8716 eV.
The molecule in file H2.txt has energy -40.569151
