Atom Matrix: 
   1.0000        0        0        0
   1.0000   1.3984        0        0


numBasisFunctions: 2
numElectrons: 1
r_a: 
        0
        0
        0

l_a: 
        0        0        0

d_k: 
   0.1543

alpha: 
3.42525
r_a: 
        0
        0
        0

l_a: 
        0        0        0

d_k: 
   0.5353

alpha: 
0.623914
r_a: 
        0
        0
        0

l_a: 
        0        0        0

d_k: 
   0.4446

alpha: 
0.168855
r_a: 
   1.3984
        0
        0

l_a: 
        0        0        0

d_k: 
   0.1543

alpha: 
3.42525
r_a: 
   1.3984
        0
        0

l_a: 
        0        0        0

d_k: 
   0.5353

alpha: 
0.623914
r_a: 
   1.3984
        0
        0

l_a: 
        0        0        0

d_k: 
   0.4446

alpha: 
0.168855
printing self shell overlaps: 
[matrix size: 0x0]

[matrix size: 0x0]

[matrix size: 0x0]

[matrix size: 0x0]

   0.3106

   0.3106

   3.9948

   3.9948

   28.3731

   28.3731

   0.3106

   0.3106

   3.9948

   3.9948

   28.3731

   28.3731

