Atom Matrix: 
   79.0000         0         0    1.0000
   79.0000         0         0    3.2000
   79.0000         0         0    5.0000
   79.0000         0         0    7.0000
   79.0000         0         0    9.0000


e val
5.39766e+06
15.5015
e val
504934
13.1322
e val
50463.7
10.829
e val
5046.39
8.52643
e val
997798
13.8133
e val
9608.81
9.17044
e val
96.052
4.56489
e val
0.960522
-0.0402786
Forward FD Force for Cluster: 
   1.3599e+01   1.3599e+01  -5.9862e+05
   2.4012e+02   2.4012e+02  -7.5599e+06
   2.7827e+02   2.7827e+02   6.0810e+06
   1.0350e+02   1.0350e+02  -9.2299e+02
   5.1751e+01   5.1751e+01   2.0695e+06

Forward FD Force Norm: 9.9384e+06
Central FD Force for Cluster: 
            0            0  -5.9844e+05
            0            0  -7.5568e+06
            0            0   6.0846e+06
            0            0   4.2437e+02
            0            0   2.0701e+06

Central FD Force Norm: 9.93837e+06
Analytic Force for Cluster: 
            0            0  -5.9844e+05
            0            0  -7.5568e+06
            0            0   6.0846e+06
            0            0   4.2437e+02
            0            0   2.0701e+06

Analytic Force Norm: 9.93837e+06
LJ Potential Energy of Cluster: 2.01857e+06
